2018-10-23T06:41:33+00:00 CRITICAL Uncaught InvalidArgumentException: View [partials.page-header] not found. in /var/www/sage.blog/public_html/wp-content/themes/sage.blog/vendor/illuminate/view/FileViewFinder.php:137
Stack trace:
#0 /var/www/sage.blog/public_html/wp-content/themes/sage.blog/vendor/illuminate/view/FileViewFinder.php(79): Illuminate\View\FileViewFinder->findInPaths('partials.page-h...', Array)
#1 /var/www/sage.blog/public_html/wp-content/themes/sage.blog/vendor/illuminate/view/Factory.php(128): Illuminate\View\FileViewFinder->find('partials.page-h...')
#2 /var/www/sage.blog/public_html/wp-content/uploads/cache/0ecdf551693bc66478e8ec26e04c8a0d8f6c29c4.php(2): Illuminate\View\Factory->make('partials.page-h...', Array)
#3 /var/www/sage.blog/public_html/wp-content/themes/sage.blog/vendor/illuminate/view/Engines/PhpEngine.php(43): include('/var/www/sage.b...')
#4 /var/www/sage.blog/public_html/wp-content/themes/sage.blog/vendor/illuminate/view/Engines/CompilerEngine.php(59): Illuminate\View\Engines\PhpEngine->evaluatePath('/var/www/s

2018-10-23T07:22:21+00:00 CRITICAL Uncaught InvalidArgumentException: View [partials.page-header] not found. in /var/www/sage.blog/public_html/wp-content/themes/sage.blog/vendor/illuminate/view/FileViewFinder.php:137
Stack trace:
#0 /var/www/sage.blog/public_html/wp-content/themes/sage.blog/vendor/illuminate/view/FileViewFinder.php(79): Illuminate\View\FileViewFinder->findInPaths('partials.page-h...', Array)
#1 /var/www/sage.blog/public_html/wp-content/themes/sage.blog/vendor/illuminate/view/Factory.php(128): Illuminate\View\FileViewFinder->find('partials.page-h...')
#2 /var/www/sage.blog/public_html/wp-content/uploads/cache/0ecdf551693bc66478e8ec26e04c8a0d8f6c29c4.php(2): Illuminate\View\Factory->make('partials.page-h...', Array)
#3 /var/www/sage.blog/public_html/wp-content/themes/sage.blog/vendor/illuminate/view/Engines/PhpEngine.php(43): include('/var/www/sage.b...')
#4 /var/www/sage.blog/public_html/wp-content/themes/sage.blog/vendor/illuminate/view/Engines/CompilerEngine.php(59): Illuminate\View\Engines\PhpEngine->evaluatePath('/var/www/s

2018-10-23T07:45:59+00:00 CRITICAL Uncaught InvalidArgumentException: View [partials.page-header] not found. in /var/www/sage.blog/public_html/wp-content/themes/sage.blog/vendor/illuminate/view/FileViewFinder.php:137
Stack trace:
#0 /var/www/sage.blog/public_html/wp-content/themes/sage.blog/vendor/illuminate/view/FileViewFinder.php(79): Illuminate\View\FileViewFinder->findInPaths('partials.page-h...', Array)
#1 /var/www/sage.blog/public_html/wp-content/themes/sage.blog/vendor/illuminate/view/Factory.php(128): Illuminate\View\FileViewFinder->find('partials.page-h...')
#2 /var/www/sage.blog/public_html/wp-content/uploads/cache/0ecdf551693bc66478e8ec26e04c8a0d8f6c29c4.php(2): Illuminate\View\Factory->make('partials.page-h...', Array)
#3 /var/www/sage.blog/public_html/wp-content/themes/sage.blog/vendor/illuminate/view/Engines/PhpEngine.php(43): include('/var/www/sage.b...')
#4 /var/www/sage.blog/public_html/wp-content/themes/sage.blog/vendor/illuminate/view/Engines/CompilerEngine.php(59): Illuminate\View\Engines\PhpEngine->evaluatePath('/var/www/s

2018-10-23T12:51:11+00:00 CRITICAL Uncaught InvalidArgumentException: View [partials.page-header] not found. in /var/www/sage.blog/public_html/wp-content/themes/sage.blog/vendor/illuminate/view/FileViewFinder.php:137
Stack trace:
#0 /var/www/sage.blog/public_html/wp-content/themes/sage.blog/vendor/illuminate/view/FileViewFinder.php(79): Illuminate\View\FileViewFinder->findInPaths('partials.page-h...', Array)
#1 /var/www/sage.blog/public_html/wp-content/themes/sage.blog/vendor/illuminate/view/Factory.php(128): Illuminate\View\FileViewFinder->find('partials.page-h...')
#2 /var/www/sage.blog/public_html/wp-content/uploads/cache/0ecdf551693bc66478e8ec26e04c8a0d8f6c29c4.php(2): Illuminate\View\Factory->make('partials.page-h...', Array)
#3 /var/www/sage.blog/public_html/wp-content/themes/sage.blog/vendor/illuminate/view/Engines/PhpEngine.php(43): include('/var/www/sage.b...')
#4 /var/www/sage.blog/public_html/wp-content/themes/sage.blog/vendor/illuminate/view/Engines/CompilerEngine.php(59): Illuminate\View\Engines\PhpEngine->evaluatePath('/var/www/s

