2018-10-05T07:53:16+00:00 CRITICAL Uncaught InvalidArgumentException: View [partials.page-header] not found. in /var/www/sage.blog/public_html/wp-content/themes/sage.blog/vendor/illuminate/view/FileViewFinder.php:137
Stack trace:
#0 /var/www/sage.blog/public_html/wp-content/themes/sage.blog/vendor/illuminate/view/FileViewFinder.php(79): Illuminate\View\FileViewFinder->findInPaths('partials.page-h...', Array)
#1 /var/www/sage.blog/public_html/wp-content/themes/sage.blog/vendor/illuminate/view/Factory.php(128): Illuminate\View\FileViewFinder->find('partials.page-h...')
#2 /var/www/sage.blog/public_html/wp-content/uploads/cache/0ecdf551693bc66478e8ec26e04c8a0d8f6c29c4.php(2): Illuminate\View\Factory->make('partials.page-h...', Array)
#3 /var/www/sage.blog/public_html/wp-content/themes/sage.blog/vendor/illuminate/view/Engines/PhpEngine.php(43): include('/var/www/sage.b...')
#4 /var/www/sage.blog/public_html/wp-content/themes/sage.blog/vendor/illuminate/view/Engines/CompilerEngine.php(59): Illuminate\View\Engines\PhpEngine->evaluatePath('/var/www/s

2018-10-05T10:27:46+00:00 CRITICAL Uncaught InvalidArgumentException: View [partials.page-header] not found. in /var/www/sage.blog/public_html/wp-content/themes/sage.blog/vendor/illuminate/view/FileViewFinder.php:137
Stack trace:
#0 /var/www/sage.blog/public_html/wp-content/themes/sage.blog/vendor/illuminate/view/FileViewFinder.php(79): Illuminate\View\FileViewFinder->findInPaths('partials.page-h...', Array)
#1 /var/www/sage.blog/public_html/wp-content/themes/sage.blog/vendor/illuminate/view/Factory.php(128): Illuminate\View\FileViewFinder->find('partials.page-h...')
#2 /var/www/sage.blog/public_html/wp-content/uploads/cache/0ecdf551693bc66478e8ec26e04c8a0d8f6c29c4.php(2): Illuminate\View\Factory->make('partials.page-h...', Array)
#3 /var/www/sage.blog/public_html/wp-content/themes/sage.blog/vendor/illuminate/view/Engines/PhpEngine.php(43): include('/var/www/sage.b...')
#4 /var/www/sage.blog/public_html/wp-content/themes/sage.blog/vendor/illuminate/view/Engines/CompilerEngine.php(59): Illuminate\View\Engines\PhpEngine->evaluatePath('/var/www/s

2018-10-05T10:27:46+00:00 CRITICAL Uncaught InvalidArgumentException: View [partials.page-header] not found. in /var/www/sage.blog/public_html/wp-content/themes/sage.blog/vendor/illuminate/view/FileViewFinder.php:137
Stack trace:
#0 /var/www/sage.blog/public_html/wp-content/themes/sage.blog/vendor/illuminate/view/FileViewFinder.php(79): Illuminate\View\FileViewFinder->findInPaths('partials.page-h...', Array)
#1 /var/www/sage.blog/public_html/wp-content/themes/sage.blog/vendor/illuminate/view/Factory.php(128): Illuminate\View\FileViewFinder->find('partials.page-h...')
#2 /var/www/sage.blog/public_html/wp-content/uploads/cache/0ecdf551693bc66478e8ec26e04c8a0d8f6c29c4.php(2): Illuminate\View\Factory->make('partials.page-h...', Array)
#3 /var/www/sage.blog/public_html/wp-content/themes/sage.blog/vendor/illuminate/view/Engines/PhpEngine.php(43): include('/var/www/sage.b...')
#4 /var/www/sage.blog/public_html/wp-content/themes/sage.blog/vendor/illuminate/view/Engines/CompilerEngine.php(59): Illuminate\View\Engines\PhpEngine->evaluatePath('/var/www/s

2018-10-05T10:57:54+00:00 CRITICAL Uncaught Symfony\Component\Debug\Exception\FatalThrowableError: Call to a member function get_rating_html() on null in /var/www/sage.blog/public_html/wp-content/uploads/cache/4ae9aaeed9470de65bba90e267e0566ef52c16f6.php:12
Stack trace:
#0 /var/www/sage.blog/public_html/wp-content/themes/sage.blog/vendor/illuminate/view/Engines/PhpEngine.php(43): include()
#1 /var/www/sage.blog/public_html/wp-content/themes/sage.blog/vendor/illuminate/view/Engines/CompilerEngine.php(59): Illuminate\View\Engines\PhpEngine->evaluatePath('/var/www/sage.b...', Array)
#2 /var/www/sage.blog/public_html/wp-content/themes/sage.blog/vendor/illuminate/view/View.php(142): Illuminate\View\Engines\CompilerEngine->get('/var/www/sage.b...', Array)
#3 /var/www/sage.blog/public_html/wp-content/themes/sage.blog/vendor/illuminate/view/View.php(125): Illuminate\View\View->getContents()
#4 /var/www/sage.blog/public_html/wp-content/themes/sage.blog/vendor/illuminate/view/View.php(90): Illuminate\View\View->renderContents()
#5 /var/www/sage.blog/pub

2018-10-05T10:57:55+00:00 CRITICAL Uncaught Symfony\Component\Debug\Exception\FatalThrowableError: Call to a member function get_rating_html() on null in /var/www/sage.blog/public_html/wp-content/uploads/cache/4ae9aaeed9470de65bba90e267e0566ef52c16f6.php:12
Stack trace:
#0 /var/www/sage.blog/public_html/wp-content/themes/sage.blog/vendor/illuminate/view/Engines/PhpEngine.php(43): include()
#1 /var/www/sage.blog/public_html/wp-content/themes/sage.blog/vendor/illuminate/view/Engines/CompilerEngine.php(59): Illuminate\View\Engines\PhpEngine->evaluatePath('/var/www/sage.b...', Array)
#2 /var/www/sage.blog/public_html/wp-content/themes/sage.blog/vendor/illuminate/view/View.php(142): Illuminate\View\Engines\CompilerEngine->get('/var/www/sage.b...', Array)
#3 /var/www/sage.blog/public_html/wp-content/themes/sage.blog/vendor/illuminate/view/View.php(125): Illuminate\View\View->getContents()
#4 /var/www/sage.blog/public_html/wp-content/themes/sage.blog/vendor/illuminate/view/View.php(90): Illuminate\View\View->renderContents()
#5 /var/www/sage.blog/pub

2018-10-05T11:04:31+00:00 CRITICAL Uncaught Symfony\Component\Debug\Exception\FatalThrowableError: syntax error, unexpected '$product' (T_VARIABLE) in /var/www/sage.blog/public_html/wp-content/uploads/cache/4ae9aaeed9470de65bba90e267e0566ef52c16f6.php:22
Stack trace:
#0 /var/www/sage.blog/public_html/wp-content/themes/sage.blog/vendor/illuminate/view/Engines/CompilerEngine.php(59): Illuminate\View\Engines\PhpEngine->evaluatePath('/var/www/sage.b...', Array)
#1 /var/www/sage.blog/public_html/wp-content/themes/sage.blog/vendor/illuminate/view/View.php(142): Illuminate\View\Engines\CompilerEngine->get('/var/www/sage.b...', Array)
#2 /var/www/sage.blog/public_html/wp-content/themes/sage.blog/vendor/illuminate/view/View.php(125): Illuminate\View\View->getContents()
#3 /var/www/sage.blog/public_html/wp-content/themes/sage.blog/vendor/illuminate/view/View.php(90): Illuminate\View\View->renderContents()
#4 /var/www/sage.blog/public_html/wp-content/uploads/cache/f7a8f11d1a5f6b489c04925704f5a299bdba4a54.php(2): Illuminate\View\View->render()
#5 /var/www

2018-10-05T11:04:31+00:00 CRITICAL Uncaught Symfony\Component\Debug\Exception\FatalThrowableError: syntax error, unexpected '$product' (T_VARIABLE) in /var/www/sage.blog/public_html/wp-content/uploads/cache/4ae9aaeed9470de65bba90e267e0566ef52c16f6.php:22
Stack trace:
#0 /var/www/sage.blog/public_html/wp-content/themes/sage.blog/vendor/illuminate/view/Engines/CompilerEngine.php(59): Illuminate\View\Engines\PhpEngine->evaluatePath('/var/www/sage.b...', Array)
#1 /var/www/sage.blog/public_html/wp-content/themes/sage.blog/vendor/illuminate/view/View.php(142): Illuminate\View\Engines\CompilerEngine->get('/var/www/sage.b...', Array)
#2 /var/www/sage.blog/public_html/wp-content/themes/sage.blog/vendor/illuminate/view/View.php(125): Illuminate\View\View->getContents()
#3 /var/www/sage.blog/public_html/wp-content/themes/sage.blog/vendor/illuminate/view/View.php(90): Illuminate\View\View->renderContents()
#4 /var/www/sage.blog/public_html/wp-content/uploads/cache/f7a8f11d1a5f6b489c04925704f5a299bdba4a54.php(2): Illuminate\View\View->render()
#5 /var/www

2018-10-05T11:04:50+00:00 CRITICAL Uncaught Symfony\Component\Debug\Exception\FatalThrowableError: syntax error, unexpected '$product' (T_VARIABLE) in /var/www/sage.blog/public_html/wp-content/uploads/cache/4ae9aaeed9470de65bba90e267e0566ef52c16f6.php:22
Stack trace:
#0 /var/www/sage.blog/public_html/wp-content/themes/sage.blog/vendor/illuminate/view/Engines/CompilerEngine.php(59): Illuminate\View\Engines\PhpEngine->evaluatePath('/var/www/sage.b...', Array)
#1 /var/www/sage.blog/public_html/wp-content/themes/sage.blog/vendor/illuminate/view/View.php(142): Illuminate\View\Engines\CompilerEngine->get('/var/www/sage.b...', Array)
#2 /var/www/sage.blog/public_html/wp-content/themes/sage.blog/vendor/illuminate/view/View.php(125): Illuminate\View\View->getContents()
#3 /var/www/sage.blog/public_html/wp-content/themes/sage.blog/vendor/illuminate/view/View.php(90): Illuminate\View\View->renderContents()
#4 /var/www/sage.blog/public_html/wp-content/uploads/cache/f7a8f11d1a5f6b489c04925704f5a299bdba4a54.php(2): Illuminate\View\View->render()
#5 /var/www

2018-10-05T11:04:51+00:00 CRITICAL Uncaught Symfony\Component\Debug\Exception\FatalThrowableError: syntax error, unexpected '$product' (T_VARIABLE) in /var/www/sage.blog/public_html/wp-content/uploads/cache/4ae9aaeed9470de65bba90e267e0566ef52c16f6.php:22
Stack trace:
#0 /var/www/sage.blog/public_html/wp-content/themes/sage.blog/vendor/illuminate/view/Engines/CompilerEngine.php(59): Illuminate\View\Engines\PhpEngine->evaluatePath('/var/www/sage.b...', Array)
#1 /var/www/sage.blog/public_html/wp-content/themes/sage.blog/vendor/illuminate/view/View.php(142): Illuminate\View\Engines\CompilerEngine->get('/var/www/sage.b...', Array)
#2 /var/www/sage.blog/public_html/wp-content/themes/sage.blog/vendor/illuminate/view/View.php(125): Illuminate\View\View->getContents()
#3 /var/www/sage.blog/public_html/wp-content/themes/sage.blog/vendor/illuminate/view/View.php(90): Illuminate\View\View->renderContents()
#4 /var/www/sage.blog/public_html/wp-content/uploads/cache/f7a8f11d1a5f6b489c04925704f5a299bdba4a54.php(2): Illuminate\View\View->render()
#5 /var/www

2018-10-05T11:16:35+00:00 CRITICAL Uncaught Symfony\Component\Debug\Exception\FatalThrowableError: Call to undefined function shortcode() in /var/www/sage.blog/public_html/wp-content/uploads/cache/4ae9aaeed9470de65bba90e267e0566ef52c16f6.php:24
Stack trace:
#0 /var/www/sage.blog/public_html/wp-content/themes/sage.blog/vendor/illuminate/view/Engines/PhpEngine.php(43): include()
#1 /var/www/sage.blog/public_html/wp-content/themes/sage.blog/vendor/illuminate/view/Engines/CompilerEngine.php(59): Illuminate\View\Engines\PhpEngine->evaluatePath('/var/www/sage.b...', Array)
#2 /var/www/sage.blog/public_html/wp-content/themes/sage.blog/vendor/illuminate/view/View.php(142): Illuminate\View\Engines\CompilerEngine->get('/var/www/sage.b...', Array)
#3 /var/www/sage.blog/public_html/wp-content/themes/sage.blog/vendor/illuminate/view/View.php(125): Illuminate\View\View->getContents()
#4 /var/www/sage.blog/public_html/wp-content/themes/sage.blog/vendor/illuminate/view/View.php(90): Illuminate\View\View->renderContents()
#5 /var/www/sage.blog/public_html/wp-c

2018-10-05T11:30:38+00:00 CRITICAL Uncaught Symfony\Component\Debug\Exception\FatalThrowableError: Call to a member function get_id() on null in /var/www/sage.blog/public_html/wp-content/uploads/cache/4ae9aaeed9470de65bba90e267e0566ef52c16f6.php:26
Stack trace:
#0 /var/www/sage.blog/public_html/wp-content/themes/sage.blog/vendor/illuminate/view/Engines/PhpEngine.php(43): include()
#1 /var/www/sage.blog/public_html/wp-content/themes/sage.blog/vendor/illuminate/view/Engines/CompilerEngine.php(59): Illuminate\View\Engines\PhpEngine->evaluatePath('/var/www/sage.b...', Array)
#2 /var/www/sage.blog/public_html/wp-content/themes/sage.blog/vendor/illuminate/view/View.php(142): Illuminate\View\Engines\CompilerEngine->get('/var/www/sage.b...', Array)
#3 /var/www/sage.blog/public_html/wp-content/themes/sage.blog/vendor/illuminate/view/View.php(125): Illuminate\View\View->getContents()
#4 /var/www/sage.blog/public_html/wp-content/themes/sage.blog/vendor/illuminate/view/View.php(90): Illuminate\View\View->renderContents()
#5 /var/www/sage.blog/public_html/

2018-10-05T11:30:49+00:00 CRITICAL Uncaught Symfony\Component\Debug\Exception\FatalThrowableError: Call to a member function get_id() on null in /var/www/sage.blog/public_html/wp-content/uploads/cache/4ae9aaeed9470de65bba90e267e0566ef52c16f6.php:26
Stack trace:
#0 /var/www/sage.blog/public_html/wp-content/themes/sage.blog/vendor/illuminate/view/Engines/PhpEngine.php(43): include()
#1 /var/www/sage.blog/public_html/wp-content/themes/sage.blog/vendor/illuminate/view/Engines/CompilerEngine.php(59): Illuminate\View\Engines\PhpEngine->evaluatePath('/var/www/sage.b...', Array)
#2 /var/www/sage.blog/public_html/wp-content/themes/sage.blog/vendor/illuminate/view/View.php(142): Illuminate\View\Engines\CompilerEngine->get('/var/www/sage.b...', Array)
#3 /var/www/sage.blog/public_html/wp-content/themes/sage.blog/vendor/illuminate/view/View.php(125): Illuminate\View\View->getContents()
#4 /var/www/sage.blog/public_html/wp-content/themes/sage.blog/vendor/illuminate/view/View.php(90): Illuminate\View\View->renderContents()
#5 /var/www/sage.blog/public_html/

2018-10-05T11:32:25+00:00 CRITICAL Uncaught Symfony\Component\Debug\Exception\FatalThrowableError: Call to a member function add_to_cart() on null in /var/www/sage.blog/public_html/wp-content/uploads/cache/4ae9aaeed9470de65bba90e267e0566ef52c16f6.php:25
Stack trace:
#0 /var/www/sage.blog/public_html/wp-content/themes/sage.blog/vendor/illuminate/view/Engines/PhpEngine.php(43): include()
#1 /var/www/sage.blog/public_html/wp-content/themes/sage.blog/vendor/illuminate/view/Engines/CompilerEngine.php(59): Illuminate\View\Engines\PhpEngine->evaluatePath('/var/www/sage.b...', Array)
#2 /var/www/sage.blog/public_html/wp-content/themes/sage.blog/vendor/illuminate/view/View.php(142): Illuminate\View\Engines\CompilerEngine->get('/var/www/sage.b...', Array)
#3 /var/www/sage.blog/public_html/wp-content/themes/sage.blog/vendor/illuminate/view/View.php(125): Illuminate\View\View->getContents()
#4 /var/www/sage.blog/public_html/wp-content/themes/sage.blog/vendor/illuminate/view/View.php(90): Illuminate\View\View->renderContents()
#5 /var/www/sage.blog/public_

2018-10-05T11:35:40+00:00 CRITICAL Uncaught Symfony\Component\Debug\Exception\FatalThrowableError: Too few arguments to function bbloomer_custom_add_cart_button_loop(), 0 passed in /var/www/sage.blog/public_html/wp-content/uploads/cache/4ae9aaeed9470de65bba90e267e0566ef52c16f6.php on line 12 and exactly 2 expected in /var/www/sage.blog/public_html/wp-content/themes/sage.blog/resources/functions.php:409
Stack trace:
#0 /var/www/sage.blog/public_html/wp-content/uploads/cache/4ae9aaeed9470de65bba90e267e0566ef52c16f6.php(12): bbloomer_custom_add_cart_button_loop()
#1 /var/www/sage.blog/public_html/wp-content/themes/sage.blog/vendor/illuminate/view/Engines/PhpEngine.php(43): include('/var/www/sage.b...')
#2 /var/www/sage.blog/public_html/wp-content/themes/sage.blog/vendor/illuminate/view/Engines/CompilerEngine.php(59): Illuminate\View\Engines\PhpEngine->evaluatePath('/var/www/sage.b...', Array)
#3 /var/www/sage.blog/public_html/wp-content/themes/sage.blog/vendor/illuminate/view/View.php(142): Illuminate\View\Engines\CompilerEngine->get('/var/www/sa

2018-10-05T11:35:54+00:00 CRITICAL Uncaught Symfony\Component\Debug\Exception\FatalThrowableError: Too few arguments to function bbloomer_custom_add_cart_button_loop(), 0 passed in /var/www/sage.blog/public_html/wp-content/uploads/cache/4ae9aaeed9470de65bba90e267e0566ef52c16f6.php on line 12 and exactly 2 expected in /var/www/sage.blog/public_html/wp-content/themes/sage.blog/resources/functions.php:409
Stack trace:
#0 /var/www/sage.blog/public_html/wp-content/uploads/cache/4ae9aaeed9470de65bba90e267e0566ef52c16f6.php(12): bbloomer_custom_add_cart_button_loop()
#1 /var/www/sage.blog/public_html/wp-content/themes/sage.blog/vendor/illuminate/view/Engines/PhpEngine.php(43): include('/var/www/sage.b...')
#2 /var/www/sage.blog/public_html/wp-content/themes/sage.blog/vendor/illuminate/view/Engines/CompilerEngine.php(59): Illuminate\View\Engines\PhpEngine->evaluatePath('/var/www/sage.b...', Array)
#3 /var/www/sage.blog/public_html/wp-content/themes/sage.blog/vendor/illuminate/view/View.php(142): Illuminate\View\Engines\CompilerEngine->get('/var/www/sa

2018-10-05T11:42:58+00:00 CRITICAL Uncaught Symfony\Component\Debug\Exception\FatalThrowableError: syntax error, unexpected ';', expecting ',' or ')' in /var/www/sage.blog/public_html/wp-content/uploads/cache/4ae9aaeed9470de65bba90e267e0566ef52c16f6.php:24
Stack trace:
#0 /var/www/sage.blog/public_html/wp-content/themes/sage.blog/vendor/illuminate/view/Engines/CompilerEngine.php(59): Illuminate\View\Engines\PhpEngine->evaluatePath('/var/www/sage.b...', Array)
#1 /var/www/sage.blog/public_html/wp-content/themes/sage.blog/vendor/illuminate/view/View.php(142): Illuminate\View\Engines\CompilerEngine->get('/var/www/sage.b...', Array)
#2 /var/www/sage.blog/public_html/wp-content/themes/sage.blog/vendor/illuminate/view/View.php(125): Illuminate\View\View->getContents()
#3 /var/www/sage.blog/public_html/wp-content/themes/sage.blog/vendor/illuminate/view/View.php(90): Illuminate\View\View->renderContents()
#4 /var/www/sage.blog/public_html/wp-content/uploads/cache/f7a8f11d1a5f6b489c04925704f5a299bdba4a54.php(2): Illuminate\View\View->render()
#5 /var/w

2018-10-05T11:43:52+00:00 CRITICAL Uncaught Symfony\Component\Debug\Exception\FatalThrowableError: syntax error, unexpected ';', expecting ',' or ')' in /var/www/sage.blog/public_html/wp-content/uploads/cache/4ae9aaeed9470de65bba90e267e0566ef52c16f6.php:24
Stack trace:
#0 /var/www/sage.blog/public_html/wp-content/themes/sage.blog/vendor/illuminate/view/Engines/CompilerEngine.php(59): Illuminate\View\Engines\PhpEngine->evaluatePath('/var/www/sage.b...', Array)
#1 /var/www/sage.blog/public_html/wp-content/themes/sage.blog/vendor/illuminate/view/View.php(142): Illuminate\View\Engines\CompilerEngine->get('/var/www/sage.b...', Array)
#2 /var/www/sage.blog/public_html/wp-content/themes/sage.blog/vendor/illuminate/view/View.php(125): Illuminate\View\View->getContents()
#3 /var/www/sage.blog/public_html/wp-content/themes/sage.blog/vendor/illuminate/view/View.php(90): Illuminate\View\View->renderContents()
#4 /var/www/sage.blog/public_html/wp-content/uploads/cache/f7a8f11d1a5f6b489c04925704f5a299bdba4a54.php(2): Illuminate\View\View->render()
#5 /var/w

2018-10-05T11:46:16+00:00 CRITICAL Uncaught Symfony\Component\Debug\Exception\FatalThrowableError: syntax error, unexpected ';', expecting ',' or ')' in /var/www/sage.blog/public_html/wp-content/uploads/cache/4ae9aaeed9470de65bba90e267e0566ef52c16f6.php:24
Stack trace:
#0 /var/www/sage.blog/public_html/wp-content/themes/sage.blog/vendor/illuminate/view/Engines/CompilerEngine.php(59): Illuminate\View\Engines\PhpEngine->evaluatePath('/var/www/sage.b...', Array)
#1 /var/www/sage.blog/public_html/wp-content/themes/sage.blog/vendor/illuminate/view/View.php(142): Illuminate\View\Engines\CompilerEngine->get('/var/www/sage.b...', Array)
#2 /var/www/sage.blog/public_html/wp-content/themes/sage.blog/vendor/illuminate/view/View.php(125): Illuminate\View\View->getContents()
#3 /var/www/sage.blog/public_html/wp-content/themes/sage.blog/vendor/illuminate/view/View.php(90): Illuminate\View\View->renderContents()
#4 /var/www/sage.blog/public_html/wp-content/uploads/cache/f7a8f11d1a5f6b489c04925704f5a299bdba4a54.php(2): Illuminate\View\View->render()
#5 /var/w

2018-10-05T12:10:26+00:00 CRITICAL Uncaught Symfony\Component\Debug\Exception\FatalThrowableError: Call to a member function get_average_rating() on null in /var/www/sage.blog/public_html/wp-content/plugins/woocommerce/templates/loop/rating.php:29
Stack trace:
#0 /var/www/sage.blog/public_html/wp-content/plugins/woocommerce/includes/wc-core-functions.php(210): include()
#1 /var/www/sage.blog/public_html/wp-content/plugins/woocommerce/includes/wc-template-functions.php(1236): wc_get_template('loop/rating.php')
#2 /var/www/sage.blog/public_html/wp-includes/class-wp-hook.php(286): woocommerce_template_loop_rating('')
#3 /var/www/sage.blog/public_html/wp-includes/class-wp-hook.php(310): WP_Hook->apply_filters('', Array)
#4 /var/www/sage.blog/public_html/wp-includes/plugin.php(453): WP_Hook->do_action(Array)
#5 /var/www/sage.blog/public_html/wp-content/uploads/cache/4ae9aaeed9470de65bba90e267e0566ef52c16f6.php(27): do_action('woocommerce_aft...')
#6 /var/www/sage.blog/public_html/wp-content/themes/sage.blog/vendor/illuminate/view/Engines/PhpEngine.

2018-10-05T12:10:58+00:00 CRITICAL Uncaught Symfony\Component\Debug\Exception\FatalThrowableError: Call to a member function get_average_rating() on null in /var/www/sage.blog/public_html/wp-content/plugins/woocommerce/templates/loop/rating.php:29
Stack trace:
#0 /var/www/sage.blog/public_html/wp-content/plugins/woocommerce/includes/wc-core-functions.php(210): include()
#1 /var/www/sage.blog/public_html/wp-content/plugins/woocommerce/includes/wc-template-functions.php(1236): wc_get_template('loop/rating.php')
#2 /var/www/sage.blog/public_html/wp-includes/class-wp-hook.php(286): woocommerce_template_loop_rating('')
#3 /var/www/sage.blog/public_html/wp-includes/class-wp-hook.php(310): WP_Hook->apply_filters('', Array)
#4 /var/www/sage.blog/public_html/wp-includes/plugin.php(453): WP_Hook->do_action(Array)
#5 /var/www/sage.blog/public_html/wp-content/uploads/cache/4ae9aaeed9470de65bba90e267e0566ef52c16f6.php(27): do_action('woocommerce_aft...')
#6 /var/www/sage.blog/public_html/wp-content/themes/sage.blog/vendor/illuminate/view/Engines/PhpEngine.

2018-10-05T12:21:04+00:00 CRITICAL Uncaught Symfony\Component\Debug\Exception\FatalThrowableError: Cannot use object of type WP_Post as array in /var/www/sage.blog/public_html/wp-content/uploads/cache/4ae9aaeed9470de65bba90e267e0566ef52c16f6.php:18
Stack trace:
#0 /var/www/sage.blog/public_html/wp-content/themes/sage.blog/vendor/illuminate/view/Engines/PhpEngine.php(43): include()
#1 /var/www/sage.blog/public_html/wp-content/themes/sage.blog/vendor/illuminate/view/Engines/CompilerEngine.php(59): Illuminate\View\Engines\PhpEngine->evaluatePath('/var/www/sage.b...', Array)
#2 /var/www/sage.blog/public_html/wp-content/themes/sage.blog/vendor/illuminate/view/View.php(142): Illuminate\View\Engines\CompilerEngine->get('/var/www/sage.b...', Array)
#3 /var/www/sage.blog/public_html/wp-content/themes/sage.blog/vendor/illuminate/view/View.php(125): Illuminate\View\View->getContents()
#4 /var/www/sage.blog/public_html/wp-content/themes/sage.blog/vendor/illuminate/view/View.php(90): Illuminate\View\View->renderContents()
#5 /var/www/sage.blog/public_html/

2018-10-05T12:34:32+00:00 CRITICAL Uncaught Symfony\Component\Debug\Exception\FatalThrowableError: syntax error, unexpected 'endforeach' (T_ENDFOREACH), expecting end of file in /var/www/sage.blog/public_html/wp-content/uploads/cache/4ae9aaeed9470de65bba90e267e0566ef52c16f6.php:57
Stack trace:
#0 /var/www/sage.blog/public_html/wp-content/themes/sage.blog/vendor/illuminate/view/Engines/CompilerEngine.php(59): Illuminate\View\Engines\PhpEngine->evaluatePath('/var/www/sage.b...', Array)
#1 /var/www/sage.blog/public_html/wp-content/themes/sage.blog/vendor/illuminate/view/View.php(142): Illuminate\View\Engines\CompilerEngine->get('/var/www/sage.b...', Array)
#2 /var/www/sage.blog/public_html/wp-content/themes/sage.blog/vendor/illuminate/view/View.php(125): Illuminate\View\View->getContents()
#3 /var/www/sage.blog/public_html/wp-content/themes/sage.blog/vendor/illuminate/view/View.php(90): Illuminate\View\View->renderContents()
#4 /var/www/sage.blog/public_html/wp-content/uploads/cache/f7a8f11d1a5f6b489c04925704f5a299bdba4a54.php(2): Illuminate\View

2018-10-05T12:35:07+00:00 CRITICAL Uncaught Symfony\Component\Debug\Exception\FatalThrowableError: syntax error, unexpected 'endforeach' (T_ENDFOREACH), expecting end of file in /var/www/sage.blog/public_html/wp-content/uploads/cache/4ae9aaeed9470de65bba90e267e0566ef52c16f6.php:57
Stack trace:
#0 /var/www/sage.blog/public_html/wp-content/themes/sage.blog/vendor/illuminate/view/Engines/CompilerEngine.php(59): Illuminate\View\Engines\PhpEngine->evaluatePath('/var/www/sage.b...', Array)
#1 /var/www/sage.blog/public_html/wp-content/themes/sage.blog/vendor/illuminate/view/View.php(142): Illuminate\View\Engines\CompilerEngine->get('/var/www/sage.b...', Array)
#2 /var/www/sage.blog/public_html/wp-content/themes/sage.blog/vendor/illuminate/view/View.php(125): Illuminate\View\View->getContents()
#3 /var/www/sage.blog/public_html/wp-content/themes/sage.blog/vendor/illuminate/view/View.php(90): Illuminate\View\View->renderContents()
#4 /var/www/sage.blog/public_html/wp-content/uploads/cache/f7a8f11d1a5f6b489c04925704f5a299bdba4a54.php(2): Illuminate\View

2018-10-05T13:39:35+00:00 CRITICAL Uncaught Symfony\Component\Debug\Exception\FatalThrowableError: Call to undefined function cart_link() in /var/www/sage.blog/public_html/wp-content/uploads/cache/ae040fb091d56425ef6dba6d11d66a8a66e35b4f.php:54
Stack trace:
#0 /var/www/sage.blog/public_html/wp-content/themes/sage.blog/vendor/illuminate/view/Engines/PhpEngine.php(43): include()
#1 /var/www/sage.blog/public_html/wp-content/themes/sage.blog/vendor/illuminate/view/Engines/CompilerEngine.php(59): Illuminate\View\Engines\PhpEngine->evaluatePath('/var/www/sage.b...', Array)
#2 /var/www/sage.blog/public_html/wp-content/themes/sage.blog/vendor/illuminate/view/View.php(142): Illuminate\View\Engines\CompilerEngine->get('/var/www/sage.b...', Array)
#3 /var/www/sage.blog/public_html/wp-content/themes/sage.blog/vendor/illuminate/view/View.php(125): Illuminate\View\View->getContents()
#4 /var/www/sage.blog/public_html/wp-content/themes/sage.blog/vendor/illuminate/view/View.php(90): Illuminate\View\View->renderContents()
#5 /var/www/sage.blog/public_html/wp-c

2018-10-05T13:39:36+00:00 CRITICAL Uncaught Symfony\Component\Debug\Exception\FatalThrowableError: Call to undefined function cart_link() in /var/www/sage.blog/public_html/wp-content/uploads/cache/ae040fb091d56425ef6dba6d11d66a8a66e35b4f.php:54
Stack trace:
#0 /var/www/sage.blog/public_html/wp-content/themes/sage.blog/vendor/illuminate/view/Engines/PhpEngine.php(43): include()
#1 /var/www/sage.blog/public_html/wp-content/themes/sage.blog/vendor/illuminate/view/Engines/CompilerEngine.php(59): Illuminate\View\Engines\PhpEngine->evaluatePath('/var/www/sage.b...', Array)
#2 /var/www/sage.blog/public_html/wp-content/themes/sage.blog/vendor/illuminate/view/View.php(142): Illuminate\View\Engines\CompilerEngine->get('/var/www/sage.b...', Array)
#3 /var/www/sage.blog/public_html/wp-content/themes/sage.blog/vendor/illuminate/view/View.php(125): Illuminate\View\View->getContents()
#4 /var/www/sage.blog/public_html/wp-content/themes/sage.blog/vendor/illuminate/view/View.php(90): Illuminate\View\View->renderContents()
#5 /var/www/sage.blog/public_html/wp-c

2018-10-05T13:39:52+00:00 CRITICAL Uncaught Symfony\Component\Debug\Exception\FatalThrowableError: Call to undefined function cart_link() in /var/www/sage.blog/public_html/wp-content/uploads/cache/ae040fb091d56425ef6dba6d11d66a8a66e35b4f.php:54
Stack trace:
#0 /var/www/sage.blog/public_html/wp-content/themes/sage.blog/vendor/illuminate/view/Engines/PhpEngine.php(43): include()
#1 /var/www/sage.blog/public_html/wp-content/themes/sage.blog/vendor/illuminate/view/Engines/CompilerEngine.php(59): Illuminate\View\Engines\PhpEngine->evaluatePath('/var/www/sage.b...', Array)
#2 /var/www/sage.blog/public_html/wp-content/themes/sage.blog/vendor/illuminate/view/View.php(142): Illuminate\View\Engines\CompilerEngine->get('/var/www/sage.b...', Array)
#3 /var/www/sage.blog/public_html/wp-content/themes/sage.blog/vendor/illuminate/view/View.php(125): Illuminate\View\View->getContents()
#4 /var/www/sage.blog/public_html/wp-content/themes/sage.blog/vendor/illuminate/view/View.php(90): Illuminate\View\View->renderContents()
#5 /var/www/sage.blog/public_html/wp-c

2018-10-05T13:44:05+00:00 CRITICAL Uncaught Symfony\Component\Debug\Exception\FatalThrowableError: Call to undefined function cart_link() in /var/www/sage.blog/public_html/wp-content/uploads/cache/ae040fb091d56425ef6dba6d11d66a8a66e35b4f.php:54
Stack trace:
#0 /var/www/sage.blog/public_html/wp-content/themes/sage.blog/vendor/illuminate/view/Engines/PhpEngine.php(43): include()
#1 /var/www/sage.blog/public_html/wp-content/themes/sage.blog/vendor/illuminate/view/Engines/CompilerEngine.php(59): Illuminate\View\Engines\PhpEngine->evaluatePath('/var/www/sage.b...', Array)
#2 /var/www/sage.blog/public_html/wp-content/themes/sage.blog/vendor/illuminate/view/View.php(142): Illuminate\View\Engines\CompilerEngine->get('/var/www/sage.b...', Array)
#3 /var/www/sage.blog/public_html/wp-content/themes/sage.blog/vendor/illuminate/view/View.php(125): Illuminate\View\View->getContents()
#4 /var/www/sage.blog/public_html/wp-content/themes/sage.blog/vendor/illuminate/view/View.php(90): Illuminate\View\View->renderContents()
#5 /var/www/sage.blog/public_html/wp-c

2018-10-05T13:44:06+00:00 CRITICAL Uncaught Symfony\Component\Debug\Exception\FatalThrowableError: Call to undefined function cart_link() in /var/www/sage.blog/public_html/wp-content/uploads/cache/ae040fb091d56425ef6dba6d11d66a8a66e35b4f.php:54
Stack trace:
#0 /var/www/sage.blog/public_html/wp-content/themes/sage.blog/vendor/illuminate/view/Engines/PhpEngine.php(43): include()
#1 /var/www/sage.blog/public_html/wp-content/themes/sage.blog/vendor/illuminate/view/Engines/CompilerEngine.php(59): Illuminate\View\Engines\PhpEngine->evaluatePath('/var/www/sage.b...', Array)
#2 /var/www/sage.blog/public_html/wp-content/themes/sage.blog/vendor/illuminate/view/View.php(142): Illuminate\View\Engines\CompilerEngine->get('/var/www/sage.b...', Array)
#3 /var/www/sage.blog/public_html/wp-content/themes/sage.blog/vendor/illuminate/view/View.php(125): Illuminate\View\View->getContents()
#4 /var/www/sage.blog/public_html/wp-content/themes/sage.blog/vendor/illuminate/view/View.php(90): Illuminate\View\View->renderContents()
#5 /var/www/sage.blog/public_html/wp-c

