2018-10-18T08:12:41+00:00 CRITICAL Uncaught Symfony\Component\Debug\Exception\FatalThrowableError: syntax error, unexpected ';', expecting ',' or ')' in /var/www/sage.blog/public_html/wp-content/uploads/cache/88459d191f0e5dfe34cd66e5a7e3f0af08e4601d.php:3
Stack trace:
#0 /var/www/sage.blog/public_html/wp-content/themes/sage.blog/vendor/illuminate/view/Engines/CompilerEngine.php(59): Illuminate\View\Engines\PhpEngine->evaluatePath('/var/www/sage.b...', Array)
#1 /var/www/sage.blog/public_html/wp-content/themes/sage.blog/vendor/illuminate/view/View.php(142): Illuminate\View\Engines\CompilerEngine->get('/var/www/sage.b...', Array)
#2 /var/www/sage.blog/public_html/wp-content/themes/sage.blog/vendor/illuminate/view/View.php(125): Illuminate\View\View->getContents()
#3 /var/www/sage.blog/public_html/wp-content/themes/sage.blog/vendor/illuminate/view/View.php(90): Illuminate\View\View->renderContents()
#4 /var/www/sage.blog/public_html/wp-content/themes/sage.blog/vendor/roots/sage-lib/Template/Blade.php(58): Illuminate\View\View->render()
#5 /var/ww

2018-10-18T08:12:42+00:00 CRITICAL Uncaught Symfony\Component\Debug\Exception\FatalThrowableError: syntax error, unexpected ';', expecting ',' or ')' in /var/www/sage.blog/public_html/wp-content/uploads/cache/88459d191f0e5dfe34cd66e5a7e3f0af08e4601d.php:3
Stack trace:
#0 /var/www/sage.blog/public_html/wp-content/themes/sage.blog/vendor/illuminate/view/Engines/CompilerEngine.php(59): Illuminate\View\Engines\PhpEngine->evaluatePath('/var/www/sage.b...', Array)
#1 /var/www/sage.blog/public_html/wp-content/themes/sage.blog/vendor/illuminate/view/View.php(142): Illuminate\View\Engines\CompilerEngine->get('/var/www/sage.b...', Array)
#2 /var/www/sage.blog/public_html/wp-content/themes/sage.blog/vendor/illuminate/view/View.php(125): Illuminate\View\View->getContents()
#3 /var/www/sage.blog/public_html/wp-content/themes/sage.blog/vendor/illuminate/view/View.php(90): Illuminate\View\View->renderContents()
#4 /var/www/sage.blog/public_html/wp-content/themes/sage.blog/vendor/roots/sage-lib/Template/Blade.php(58): Illuminate\View\View->render()
#5 /var/ww

2018-10-18T09:01:53+00:00 CRITICAL Uncaught InvalidArgumentException: View [partials.page-header] not found. in /var/www/sage.blog/public_html/wp-content/themes/sage.blog/vendor/illuminate/view/FileViewFinder.php:137
Stack trace:
#0 /var/www/sage.blog/public_html/wp-content/themes/sage.blog/vendor/illuminate/view/FileViewFinder.php(79): Illuminate\View\FileViewFinder->findInPaths('partials.page-h...', Array)
#1 /var/www/sage.blog/public_html/wp-content/themes/sage.blog/vendor/illuminate/view/Factory.php(128): Illuminate\View\FileViewFinder->find('partials.page-h...')
#2 /var/www/sage.blog/public_html/wp-content/uploads/cache/0ecdf551693bc66478e8ec26e04c8a0d8f6c29c4.php(2): Illuminate\View\Factory->make('partials.page-h...', Array)
#3 /var/www/sage.blog/public_html/wp-content/themes/sage.blog/vendor/illuminate/view/Engines/PhpEngine.php(43): include('/var/www/sage.b...')
#4 /var/www/sage.blog/public_html/wp-content/themes/sage.blog/vendor/illuminate/view/Engines/CompilerEngine.php(59): Illuminate\View\Engines\PhpEngine->evaluatePath('/var/www/s

2018-10-18T10:09:29+00:00 CRITICAL Uncaught InvalidArgumentException: View [partials.page-header] not found. in /var/www/sage.blog/public_html/wp-content/themes/sage.blog/vendor/illuminate/view/FileViewFinder.php:137
Stack trace:
#0 /var/www/sage.blog/public_html/wp-content/themes/sage.blog/vendor/illuminate/view/FileViewFinder.php(79): Illuminate\View\FileViewFinder->findInPaths('partials.page-h...', Array)
#1 /var/www/sage.blog/public_html/wp-content/themes/sage.blog/vendor/illuminate/view/Factory.php(128): Illuminate\View\FileViewFinder->find('partials.page-h...')
#2 /var/www/sage.blog/public_html/wp-content/uploads/cache/0ecdf551693bc66478e8ec26e04c8a0d8f6c29c4.php(2): Illuminate\View\Factory->make('partials.page-h...', Array)
#3 /var/www/sage.blog/public_html/wp-content/themes/sage.blog/vendor/illuminate/view/Engines/PhpEngine.php(43): include('/var/www/sage.b...')
#4 /var/www/sage.blog/public_html/wp-content/themes/sage.blog/vendor/illuminate/view/Engines/CompilerEngine.php(59): Illuminate\View\Engines\PhpEngine->evaluatePath('/var/www/s

2018-10-18T10:09:29+00:00 CRITICAL Uncaught InvalidArgumentException: View [partials.page-header] not found. in /var/www/sage.blog/public_html/wp-content/themes/sage.blog/vendor/illuminate/view/FileViewFinder.php:137
Stack trace:
#0 /var/www/sage.blog/public_html/wp-content/themes/sage.blog/vendor/illuminate/view/FileViewFinder.php(79): Illuminate\View\FileViewFinder->findInPaths('partials.page-h...', Array)
#1 /var/www/sage.blog/public_html/wp-content/themes/sage.blog/vendor/illuminate/view/Factory.php(128): Illuminate\View\FileViewFinder->find('partials.page-h...')
#2 /var/www/sage.blog/public_html/wp-content/uploads/cache/0ecdf551693bc66478e8ec26e04c8a0d8f6c29c4.php(2): Illuminate\View\Factory->make('partials.page-h...', Array)
#3 /var/www/sage.blog/public_html/wp-content/themes/sage.blog/vendor/illuminate/view/Engines/PhpEngine.php(43): include('/var/www/sage.b...')
#4 /var/www/sage.blog/public_html/wp-content/themes/sage.blog/vendor/illuminate/view/Engines/CompilerEngine.php(59): Illuminate\View\Engines\PhpEngine->evaluatePath('/var/www/s

2018-10-18T10:38:25+00:00 CRITICAL Uncaught InvalidArgumentException: View [partials.page-header] not found. in /var/www/sage.blog/public_html/wp-content/themes/sage.blog/vendor/illuminate/view/FileViewFinder.php:137
Stack trace:
#0 /var/www/sage.blog/public_html/wp-content/themes/sage.blog/vendor/illuminate/view/FileViewFinder.php(79): Illuminate\View\FileViewFinder->findInPaths('partials.page-h...', Array)
#1 /var/www/sage.blog/public_html/wp-content/themes/sage.blog/vendor/illuminate/view/Factory.php(128): Illuminate\View\FileViewFinder->find('partials.page-h...')
#2 /var/www/sage.blog/public_html/wp-content/uploads/cache/0ecdf551693bc66478e8ec26e04c8a0d8f6c29c4.php(2): Illuminate\View\Factory->make('partials.page-h...', Array)
#3 /var/www/sage.blog/public_html/wp-content/themes/sage.blog/vendor/illuminate/view/Engines/PhpEngine.php(43): include('/var/www/sage.b...')
#4 /var/www/sage.blog/public_html/wp-content/themes/sage.blog/vendor/illuminate/view/Engines/CompilerEngine.php(59): Illuminate\View\Engines\PhpEngine->evaluatePath('/var/www/s

2018-10-18T10:38:25+00:00 CRITICAL Uncaught InvalidArgumentException: View [partials.page-header] not found. in /var/www/sage.blog/public_html/wp-content/themes/sage.blog/vendor/illuminate/view/FileViewFinder.php:137
Stack trace:
#0 /var/www/sage.blog/public_html/wp-content/themes/sage.blog/vendor/illuminate/view/FileViewFinder.php(79): Illuminate\View\FileViewFinder->findInPaths('partials.page-h...', Array)
#1 /var/www/sage.blog/public_html/wp-content/themes/sage.blog/vendor/illuminate/view/Factory.php(128): Illuminate\View\FileViewFinder->find('partials.page-h...')
#2 /var/www/sage.blog/public_html/wp-content/uploads/cache/0ecdf551693bc66478e8ec26e04c8a0d8f6c29c4.php(2): Illuminate\View\Factory->make('partials.page-h...', Array)
#3 /var/www/sage.blog/public_html/wp-content/themes/sage.blog/vendor/illuminate/view/Engines/PhpEngine.php(43): include('/var/www/sage.b...')
#4 /var/www/sage.blog/public_html/wp-content/themes/sage.blog/vendor/illuminate/view/Engines/CompilerEngine.php(59): Illuminate\View\Engines\PhpEngine->evaluatePath('/var/www/s

2018-10-18T10:38:26+00:00 CRITICAL Uncaught InvalidArgumentException: View [partials.page-header] not found. in /var/www/sage.blog/public_html/wp-content/themes/sage.blog/vendor/illuminate/view/FileViewFinder.php:137
Stack trace:
#0 /var/www/sage.blog/public_html/wp-content/themes/sage.blog/vendor/illuminate/view/FileViewFinder.php(79): Illuminate\View\FileViewFinder->findInPaths('partials.page-h...', Array)
#1 /var/www/sage.blog/public_html/wp-content/themes/sage.blog/vendor/illuminate/view/Factory.php(128): Illuminate\View\FileViewFinder->find('partials.page-h...')
#2 /var/www/sage.blog/public_html/wp-content/uploads/cache/0ecdf551693bc66478e8ec26e04c8a0d8f6c29c4.php(2): Illuminate\View\Factory->make('partials.page-h...', Array)
#3 /var/www/sage.blog/public_html/wp-content/themes/sage.blog/vendor/illuminate/view/Engines/PhpEngine.php(43): include('/var/www/sage.b...')
#4 /var/www/sage.blog/public_html/wp-content/themes/sage.blog/vendor/illuminate/view/Engines/CompilerEngine.php(59): Illuminate\View\Engines\PhpEngine->evaluatePath('/var/www/s

2018-10-18T10:38:26+00:00 CRITICAL Uncaught InvalidArgumentException: View [partials.page-header] not found. in /var/www/sage.blog/public_html/wp-content/themes/sage.blog/vendor/illuminate/view/FileViewFinder.php:137
Stack trace:
#0 /var/www/sage.blog/public_html/wp-content/themes/sage.blog/vendor/illuminate/view/FileViewFinder.php(79): Illuminate\View\FileViewFinder->findInPaths('partials.page-h...', Array)
#1 /var/www/sage.blog/public_html/wp-content/themes/sage.blog/vendor/illuminate/view/Factory.php(128): Illuminate\View\FileViewFinder->find('partials.page-h...')
#2 /var/www/sage.blog/public_html/wp-content/uploads/cache/0ecdf551693bc66478e8ec26e04c8a0d8f6c29c4.php(2): Illuminate\View\Factory->make('partials.page-h...', Array)
#3 /var/www/sage.blog/public_html/wp-content/themes/sage.blog/vendor/illuminate/view/Engines/PhpEngine.php(43): include('/var/www/sage.b...')
#4 /var/www/sage.blog/public_html/wp-content/themes/sage.blog/vendor/illuminate/view/Engines/CompilerEngine.php(59): Illuminate\View\Engines\PhpEngine->evaluatePath('/var/www/s

2018-10-18T10:38:27+00:00 CRITICAL Uncaught InvalidArgumentException: View [partials.page-header] not found. in /var/www/sage.blog/public_html/wp-content/themes/sage.blog/vendor/illuminate/view/FileViewFinder.php:137
Stack trace:
#0 /var/www/sage.blog/public_html/wp-content/themes/sage.blog/vendor/illuminate/view/FileViewFinder.php(79): Illuminate\View\FileViewFinder->findInPaths('partials.page-h...', Array)
#1 /var/www/sage.blog/public_html/wp-content/themes/sage.blog/vendor/illuminate/view/Factory.php(128): Illuminate\View\FileViewFinder->find('partials.page-h...')
#2 /var/www/sage.blog/public_html/wp-content/uploads/cache/0ecdf551693bc66478e8ec26e04c8a0d8f6c29c4.php(2): Illuminate\View\Factory->make('partials.page-h...', Array)
#3 /var/www/sage.blog/public_html/wp-content/themes/sage.blog/vendor/illuminate/view/Engines/PhpEngine.php(43): include('/var/www/sage.b...')
#4 /var/www/sage.blog/public_html/wp-content/themes/sage.blog/vendor/illuminate/view/Engines/CompilerEngine.php(59): Illuminate\View\Engines\PhpEngine->evaluatePath('/var/www/s

2018-10-18T10:38:27+00:00 CRITICAL Uncaught InvalidArgumentException: View [partials.page-header] not found. in /var/www/sage.blog/public_html/wp-content/themes/sage.blog/vendor/illuminate/view/FileViewFinder.php:137
Stack trace:
#0 /var/www/sage.blog/public_html/wp-content/themes/sage.blog/vendor/illuminate/view/FileViewFinder.php(79): Illuminate\View\FileViewFinder->findInPaths('partials.page-h...', Array)
#1 /var/www/sage.blog/public_html/wp-content/themes/sage.blog/vendor/illuminate/view/Factory.php(128): Illuminate\View\FileViewFinder->find('partials.page-h...')
#2 /var/www/sage.blog/public_html/wp-content/uploads/cache/0ecdf551693bc66478e8ec26e04c8a0d8f6c29c4.php(2): Illuminate\View\Factory->make('partials.page-h...', Array)
#3 /var/www/sage.blog/public_html/wp-content/themes/sage.blog/vendor/illuminate/view/Engines/PhpEngine.php(43): include('/var/www/sage.b...')
#4 /var/www/sage.blog/public_html/wp-content/themes/sage.blog/vendor/illuminate/view/Engines/CompilerEngine.php(59): Illuminate\View\Engines\PhpEngine->evaluatePath('/var/www/s

2018-10-18T10:38:27+00:00 CRITICAL Uncaught InvalidArgumentException: View [partials.page-header] not found. in /var/www/sage.blog/public_html/wp-content/themes/sage.blog/vendor/illuminate/view/FileViewFinder.php:137
Stack trace:
#0 /var/www/sage.blog/public_html/wp-content/themes/sage.blog/vendor/illuminate/view/FileViewFinder.php(79): Illuminate\View\FileViewFinder->findInPaths('partials.page-h...', Array)
#1 /var/www/sage.blog/public_html/wp-content/themes/sage.blog/vendor/illuminate/view/Factory.php(128): Illuminate\View\FileViewFinder->find('partials.page-h...')
#2 /var/www/sage.blog/public_html/wp-content/uploads/cache/0ecdf551693bc66478e8ec26e04c8a0d8f6c29c4.php(2): Illuminate\View\Factory->make('partials.page-h...', Array)
#3 /var/www/sage.blog/public_html/wp-content/themes/sage.blog/vendor/illuminate/view/Engines/PhpEngine.php(43): include('/var/www/sage.b...')
#4 /var/www/sage.blog/public_html/wp-content/themes/sage.blog/vendor/illuminate/view/Engines/CompilerEngine.php(59): Illuminate\View\Engines\PhpEngine->evaluatePath('/var/www/s

2018-10-18T10:38:27+00:00 CRITICAL Uncaught InvalidArgumentException: View [partials.page-header] not found. in /var/www/sage.blog/public_html/wp-content/themes/sage.blog/vendor/illuminate/view/FileViewFinder.php:137
Stack trace:
#0 /var/www/sage.blog/public_html/wp-content/themes/sage.blog/vendor/illuminate/view/FileViewFinder.php(79): Illuminate\View\FileViewFinder->findInPaths('partials.page-h...', Array)
#1 /var/www/sage.blog/public_html/wp-content/themes/sage.blog/vendor/illuminate/view/Factory.php(128): Illuminate\View\FileViewFinder->find('partials.page-h...')
#2 /var/www/sage.blog/public_html/wp-content/uploads/cache/0ecdf551693bc66478e8ec26e04c8a0d8f6c29c4.php(2): Illuminate\View\Factory->make('partials.page-h...', Array)
#3 /var/www/sage.blog/public_html/wp-content/themes/sage.blog/vendor/illuminate/view/Engines/PhpEngine.php(43): include('/var/www/sage.b...')
#4 /var/www/sage.blog/public_html/wp-content/themes/sage.blog/vendor/illuminate/view/Engines/CompilerEngine.php(59): Illuminate\View\Engines\PhpEngine->evaluatePath('/var/www/s

2018-10-18T10:38:27+00:00 CRITICAL Uncaught InvalidArgumentException: View [partials.page-header] not found. in /var/www/sage.blog/public_html/wp-content/themes/sage.blog/vendor/illuminate/view/FileViewFinder.php:137
Stack trace:
#0 /var/www/sage.blog/public_html/wp-content/themes/sage.blog/vendor/illuminate/view/FileViewFinder.php(79): Illuminate\View\FileViewFinder->findInPaths('partials.page-h...', Array)
#1 /var/www/sage.blog/public_html/wp-content/themes/sage.blog/vendor/illuminate/view/Factory.php(128): Illuminate\View\FileViewFinder->find('partials.page-h...')
#2 /var/www/sage.blog/public_html/wp-content/uploads/cache/0ecdf551693bc66478e8ec26e04c8a0d8f6c29c4.php(2): Illuminate\View\Factory->make('partials.page-h...', Array)
#3 /var/www/sage.blog/public_html/wp-content/themes/sage.blog/vendor/illuminate/view/Engines/PhpEngine.php(43): include('/var/www/sage.b...')
#4 /var/www/sage.blog/public_html/wp-content/themes/sage.blog/vendor/illuminate/view/Engines/CompilerEngine.php(59): Illuminate\View\Engines\PhpEngine->evaluatePath('/var/www/s

2018-10-18T13:17:10+00:00 CRITICAL Uncaught Symfony\Component\Debug\Exception\FatalThrowableError: syntax error, unexpected ')' in /var/www/sage.blog/public_html/wp-content/uploads/cache/c2f83893a5a64d6d0106bae99b1453a548ba1157.php:7
Stack trace:
#0 /var/www/sage.blog/public_html/wp-content/themes/sage.blog/vendor/illuminate/view/Engines/CompilerEngine.php(59): Illuminate\View\Engines\PhpEngine->evaluatePath('/var/www/sage.b...', Array)
#1 /var/www/sage.blog/public_html/wp-content/themes/sage.blog/vendor/illuminate/view/View.php(142): Illuminate\View\Engines\CompilerEngine->get('/var/www/sage.b...', Array)
#2 /var/www/sage.blog/public_html/wp-content/themes/sage.blog/vendor/illuminate/view/View.php(125): Illuminate\View\View->getContents()
#3 /var/www/sage.blog/public_html/wp-content/themes/sage.blog/vendor/illuminate/view/View.php(90): Illuminate\View\View->renderContents()
#4 /var/www/sage.blog/public_html/wp-content/uploads/cache/88459d191f0e5dfe34cd66e5a7e3f0af08e4601d.php(3): Illuminate\View\View->render()
#5 /var/www/sage.blog/public_htm

2018-10-18T13:17:34+00:00 CRITICAL Uncaught Symfony\Component\Debug\Exception\FatalThrowableError: Cannot use object of type WP_User as array in /var/www/sage.blog/public_html/wp-content/uploads/cache/c2f83893a5a64d6d0106bae99b1453a548ba1157.php:9
Stack trace:
#0 /var/www/sage.blog/public_html/wp-content/themes/sage.blog/vendor/illuminate/view/Engines/PhpEngine.php(43): include()
#1 /var/www/sage.blog/public_html/wp-content/themes/sage.blog/vendor/illuminate/view/Engines/CompilerEngine.php(59): Illuminate\View\Engines\PhpEngine->evaluatePath('/var/www/sage.b...', Array)
#2 /var/www/sage.blog/public_html/wp-content/themes/sage.blog/vendor/illuminate/view/View.php(142): Illuminate\View\Engines\CompilerEngine->get('/var/www/sage.b...', Array)
#3 /var/www/sage.blog/public_html/wp-content/themes/sage.blog/vendor/illuminate/view/View.php(125): Illuminate\View\View->getContents()
#4 /var/www/sage.blog/public_html/wp-content/themes/sage.blog/vendor/illuminate/view/View.php(90): Illuminate\View\View->renderContents()
#5 /var/www/sage.blog/public_html/w

2018-10-18T13:17:57+00:00 CRITICAL Uncaught Symfony\Component\Debug\Exception\FatalThrowableError: Cannot use object of type WP_User as array in /var/www/sage.blog/public_html/wp-content/uploads/cache/c2f83893a5a64d6d0106bae99b1453a548ba1157.php:12
Stack trace:
#0 /var/www/sage.blog/public_html/wp-content/themes/sage.blog/vendor/illuminate/view/Engines/PhpEngine.php(43): include()
#1 /var/www/sage.blog/public_html/wp-content/themes/sage.blog/vendor/illuminate/view/Engines/CompilerEngine.php(59): Illuminate\View\Engines\PhpEngine->evaluatePath('/var/www/sage.b...', Array)
#2 /var/www/sage.blog/public_html/wp-content/themes/sage.blog/vendor/illuminate/view/View.php(142): Illuminate\View\Engines\CompilerEngine->get('/var/www/sage.b...', Array)
#3 /var/www/sage.blog/public_html/wp-content/themes/sage.blog/vendor/illuminate/view/View.php(125): Illuminate\View\View->getContents()
#4 /var/www/sage.blog/public_html/wp-content/themes/sage.blog/vendor/illuminate/view/View.php(90): Illuminate\View\View->renderContents()
#5 /var/www/sage.blog/public_html/

2018-10-18T13:17:58+00:00 CRITICAL Uncaught Symfony\Component\Debug\Exception\FatalThrowableError: Cannot use object of type WP_User as array in /var/www/sage.blog/public_html/wp-content/uploads/cache/c2f83893a5a64d6d0106bae99b1453a548ba1157.php:12
Stack trace:
#0 /var/www/sage.blog/public_html/wp-content/themes/sage.blog/vendor/illuminate/view/Engines/PhpEngine.php(43): include()
#1 /var/www/sage.blog/public_html/wp-content/themes/sage.blog/vendor/illuminate/view/Engines/CompilerEngine.php(59): Illuminate\View\Engines\PhpEngine->evaluatePath('/var/www/sage.b...', Array)
#2 /var/www/sage.blog/public_html/wp-content/themes/sage.blog/vendor/illuminate/view/View.php(142): Illuminate\View\Engines\CompilerEngine->get('/var/www/sage.b...', Array)
#3 /var/www/sage.blog/public_html/wp-content/themes/sage.blog/vendor/illuminate/view/View.php(125): Illuminate\View\View->getContents()
#4 /var/www/sage.blog/public_html/wp-content/themes/sage.blog/vendor/illuminate/view/View.php(90): Illuminate\View\View->renderContents()
#5 /var/www/sage.blog/public_html/

2018-10-18T14:29:14+00:00 CRITICAL Uncaught Symfony\Component\Debug\Exception\FatalThrowableError: syntax error, unexpected end of file, expecting elseif (T_ELSEIF) or else (T_ELSE) or endif (T_ENDIF) in /var/www/sage.blog/public_html/wp-content/uploads/cache/ae040fb091d56425ef6dba6d11d66a8a66e35b4f.php:80
Stack trace:
#0 /var/www/sage.blog/public_html/wp-content/themes/sage.blog/vendor/illuminate/view/Engines/CompilerEngine.php(59): Illuminate\View\Engines\PhpEngine->evaluatePath('/var/www/sage.b...', Array)
#1 /var/www/sage.blog/public_html/wp-content/themes/sage.blog/vendor/illuminate/view/View.php(142): Illuminate\View\Engines\CompilerEngine->get('/var/www/sage.b...', Array)
#2 /var/www/sage.blog/public_html/wp-content/themes/sage.blog/vendor/illuminate/view/View.php(125): Illuminate\View\View->getContents()
#3 /var/www/sage.blog/public_html/wp-content/themes/sage.blog/vendor/illuminate/view/View.php(90): Illuminate\View\View->renderContents()
#4 /var/www/sage.blog/public_html/wp-content/uploads/cache/faab90f9944ab9fab5a65546df5ec2aaedb2ae

2018-10-18T14:29:38+00:00 CRITICAL Uncaught Symfony\Component\Debug\Exception\FatalThrowableError: syntax error, unexpected end of file, expecting elseif (T_ELSEIF) or else (T_ELSE) or endif (T_ENDIF) in /var/www/sage.blog/public_html/wp-content/uploads/cache/ae040fb091d56425ef6dba6d11d66a8a66e35b4f.php:81
Stack trace:
#0 /var/www/sage.blog/public_html/wp-content/themes/sage.blog/vendor/illuminate/view/Engines/CompilerEngine.php(59): Illuminate\View\Engines\PhpEngine->evaluatePath('/var/www/sage.b...', Array)
#1 /var/www/sage.blog/public_html/wp-content/themes/sage.blog/vendor/illuminate/view/View.php(142): Illuminate\View\Engines\CompilerEngine->get('/var/www/sage.b...', Array)
#2 /var/www/sage.blog/public_html/wp-content/themes/sage.blog/vendor/illuminate/view/View.php(125): Illuminate\View\View->getContents()
#3 /var/www/sage.blog/public_html/wp-content/themes/sage.blog/vendor/illuminate/view/View.php(90): Illuminate\View\View->renderContents()
#4 /var/www/sage.blog/public_html/wp-content/uploads/cache/faab90f9944ab9fab5a65546df5ec2aaedb2ae

2018-10-18T14:29:39+00:00 CRITICAL Uncaught Symfony\Component\Debug\Exception\FatalThrowableError: syntax error, unexpected end of file, expecting elseif (T_ELSEIF) or else (T_ELSE) or endif (T_ENDIF) in /var/www/sage.blog/public_html/wp-content/uploads/cache/ae040fb091d56425ef6dba6d11d66a8a66e35b4f.php:81
Stack trace:
#0 /var/www/sage.blog/public_html/wp-content/themes/sage.blog/vendor/illuminate/view/Engines/CompilerEngine.php(59): Illuminate\View\Engines\PhpEngine->evaluatePath('/var/www/sage.b...', Array)
#1 /var/www/sage.blog/public_html/wp-content/themes/sage.blog/vendor/illuminate/view/View.php(142): Illuminate\View\Engines\CompilerEngine->get('/var/www/sage.b...', Array)
#2 /var/www/sage.blog/public_html/wp-content/themes/sage.blog/vendor/illuminate/view/View.php(125): Illuminate\View\View->getContents()
#3 /var/www/sage.blog/public_html/wp-content/themes/sage.blog/vendor/illuminate/view/View.php(90): Illuminate\View\View->renderContents()
#4 /var/www/sage.blog/public_html/wp-content/uploads/cache/faab90f9944ab9fab5a65546df5ec2aaedb2ae

2018-10-18T14:30:15+00:00 CRITICAL Uncaught Symfony\Component\Debug\Exception\FatalThrowableError: syntax error, unexpected end of file in /var/www/sage.blog/public_html/wp-content/uploads/cache/ae040fb091d56425ef6dba6d11d66a8a66e35b4f.php:81
Stack trace:
#0 /var/www/sage.blog/public_html/wp-content/themes/sage.blog/vendor/illuminate/view/Engines/CompilerEngine.php(59): Illuminate\View\Engines\PhpEngine->evaluatePath('/var/www/sage.b...', Array)
#1 /var/www/sage.blog/public_html/wp-content/themes/sage.blog/vendor/illuminate/view/View.php(142): Illuminate\View\Engines\CompilerEngine->get('/var/www/sage.b...', Array)
#2 /var/www/sage.blog/public_html/wp-content/themes/sage.blog/vendor/illuminate/view/View.php(125): Illuminate\View\View->getContents()
#3 /var/www/sage.blog/public_html/wp-content/themes/sage.blog/vendor/illuminate/view/View.php(90): Illuminate\View\View->renderContents()
#4 /var/www/sage.blog/public_html/wp-content/uploads/cache/faab90f9944ab9fab5a65546df5ec2aaedb2aece.php(6): Illuminate\View\View->render()
#5 /var/www/sage.blog/p

2018-10-18T14:30:16+00:00 CRITICAL Uncaught Symfony\Component\Debug\Exception\FatalThrowableError: syntax error, unexpected end of file in /var/www/sage.blog/public_html/wp-content/uploads/cache/ae040fb091d56425ef6dba6d11d66a8a66e35b4f.php:81
Stack trace:
#0 /var/www/sage.blog/public_html/wp-content/themes/sage.blog/vendor/illuminate/view/Engines/CompilerEngine.php(59): Illuminate\View\Engines\PhpEngine->evaluatePath('/var/www/sage.b...', Array)
#1 /var/www/sage.blog/public_html/wp-content/themes/sage.blog/vendor/illuminate/view/View.php(142): Illuminate\View\Engines\CompilerEngine->get('/var/www/sage.b...', Array)
#2 /var/www/sage.blog/public_html/wp-content/themes/sage.blog/vendor/illuminate/view/View.php(125): Illuminate\View\View->getContents()
#3 /var/www/sage.blog/public_html/wp-content/themes/sage.blog/vendor/illuminate/view/View.php(90): Illuminate\View\View->renderContents()
#4 /var/www/sage.blog/public_html/wp-content/uploads/cache/faab90f9944ab9fab5a65546df5ec2aaedb2aece.php(6): Illuminate\View\View->render()
#5 /var/www/sage.blog/p

2018-10-18T14:30:28+00:00 CRITICAL Uncaught Symfony\Component\Debug\Exception\FatalThrowableError: syntax error, unexpected end of file in /var/www/sage.blog/public_html/wp-content/uploads/cache/ae040fb091d56425ef6dba6d11d66a8a66e35b4f.php:81
Stack trace:
#0 /var/www/sage.blog/public_html/wp-content/themes/sage.blog/vendor/illuminate/view/Engines/CompilerEngine.php(59): Illuminate\View\Engines\PhpEngine->evaluatePath('/var/www/sage.b...', Array)
#1 /var/www/sage.blog/public_html/wp-content/themes/sage.blog/vendor/illuminate/view/View.php(142): Illuminate\View\Engines\CompilerEngine->get('/var/www/sage.b...', Array)
#2 /var/www/sage.blog/public_html/wp-content/themes/sage.blog/vendor/illuminate/view/View.php(125): Illuminate\View\View->getContents()
#3 /var/www/sage.blog/public_html/wp-content/themes/sage.blog/vendor/illuminate/view/View.php(90): Illuminate\View\View->renderContents()
#4 /var/www/sage.blog/public_html/wp-content/uploads/cache/faab90f9944ab9fab5a65546df5ec2aaedb2aece.php(6): Illuminate\View\View->render()
#5 /var/www/sage.blog/p

2018-10-18T14:30:34+00:00 CRITICAL Uncaught Symfony\Component\Debug\Exception\FatalThrowableError: syntax error, unexpected end of file in /var/www/sage.blog/public_html/wp-content/uploads/cache/ae040fb091d56425ef6dba6d11d66a8a66e35b4f.php:81
Stack trace:
#0 /var/www/sage.blog/public_html/wp-content/themes/sage.blog/vendor/illuminate/view/Engines/CompilerEngine.php(59): Illuminate\View\Engines\PhpEngine->evaluatePath('/var/www/sage.b...', Array)
#1 /var/www/sage.blog/public_html/wp-content/themes/sage.blog/vendor/illuminate/view/View.php(142): Illuminate\View\Engines\CompilerEngine->get('/var/www/sage.b...', Array)
#2 /var/www/sage.blog/public_html/wp-content/themes/sage.blog/vendor/illuminate/view/View.php(125): Illuminate\View\View->getContents()
#3 /var/www/sage.blog/public_html/wp-content/themes/sage.blog/vendor/illuminate/view/View.php(90): Illuminate\View\View->renderContents()
#4 /var/www/sage.blog/public_html/wp-content/uploads/cache/faab90f9944ab9fab5a65546df5ec2aaedb2aece.php(6): Illuminate\View\View->render()
#5 /var/www/sage.blog/p

2018-10-18T14:30:34+00:00 CRITICAL Uncaught Symfony\Component\Debug\Exception\FatalThrowableError: syntax error, unexpected end of file in /var/www/sage.blog/public_html/wp-content/uploads/cache/ae040fb091d56425ef6dba6d11d66a8a66e35b4f.php:81
Stack trace:
#0 /var/www/sage.blog/public_html/wp-content/themes/sage.blog/vendor/illuminate/view/Engines/CompilerEngine.php(59): Illuminate\View\Engines\PhpEngine->evaluatePath('/var/www/sage.b...', Array)
#1 /var/www/sage.blog/public_html/wp-content/themes/sage.blog/vendor/illuminate/view/View.php(142): Illuminate\View\Engines\CompilerEngine->get('/var/www/sage.b...', Array)
#2 /var/www/sage.blog/public_html/wp-content/themes/sage.blog/vendor/illuminate/view/View.php(125): Illuminate\View\View->getContents()
#3 /var/www/sage.blog/public_html/wp-content/themes/sage.blog/vendor/illuminate/view/View.php(90): Illuminate\View\View->renderContents()
#4 /var/www/sage.blog/public_html/wp-content/uploads/cache/faab90f9944ab9fab5a65546df5ec2aaedb2aece.php(6): Illuminate\View\View->render()
#5 /var/www/sage.blog/p

2018-10-18T14:42:14+00:00 CRITICAL Uncaught Symfony\Component\Debug\Exception\FatalThrowableError: syntax error, unexpected 'endif' (T_ENDIF), expecting end of file in /var/www/sage.blog/public_html/wp-content/uploads/cache/ae040fb091d56425ef6dba6d11d66a8a66e35b4f.php:59
Stack trace:
#0 /var/www/sage.blog/public_html/wp-content/themes/sage.blog/vendor/illuminate/view/Engines/CompilerEngine.php(59): Illuminate\View\Engines\PhpEngine->evaluatePath('/var/www/sage.b...', Array)
#1 /var/www/sage.blog/public_html/wp-content/themes/sage.blog/vendor/illuminate/view/View.php(142): Illuminate\View\Engines\CompilerEngine->get('/var/www/sage.b...', Array)
#2 /var/www/sage.blog/public_html/wp-content/themes/sage.blog/vendor/illuminate/view/View.php(125): Illuminate\View\View->getContents()
#3 /var/www/sage.blog/public_html/wp-content/themes/sage.blog/vendor/illuminate/view/View.php(90): Illuminate\View\View->renderContents()
#4 /var/www/sage.blog/public_html/wp-content/uploads/cache/faab90f9944ab9fab5a65546df5ec2aaedb2aece.php(6): Illuminate\View\View->ren

