2018-10-04T06:20:02+00:00 CRITICAL Uncaught Symfony\Component\Debug\Exception\FatalThrowableError: syntax error, unexpected ';' in /var/www/sage.blog/public_html/wp-content/uploads/cache/ae040fb091d56425ef6dba6d11d66a8a66e35b4f.php:56
Stack trace:
#0 /var/www/sage.blog/public_html/wp-content/themes/sage.blog/vendor/illuminate/view/Engines/CompilerEngine.php(59): Illuminate\View\Engines\PhpEngine->evaluatePath('/var/www/sage.b...', Array)
#1 /var/www/sage.blog/public_html/wp-content/themes/sage.blog/vendor/illuminate/view/View.php(142): Illuminate\View\Engines\CompilerEngine->get('/var/www/sage.b...', Array)
#2 /var/www/sage.blog/public_html/wp-content/themes/sage.blog/vendor/illuminate/view/View.php(125): Illuminate\View\View->getContents()
#3 /var/www/sage.blog/public_html/wp-content/themes/sage.blog/vendor/illuminate/view/View.php(90): Illuminate\View\View->renderContents()
#4 /var/www/sage.blog/public_html/wp-content/uploads/cache/faab90f9944ab9fab5a65546df5ec2aaedb2aece.php(6): Illuminate\View\View->render()
#5 /var/www/sage.blog/public_ht

2018-10-04T06:20:03+00:00 CRITICAL Uncaught Symfony\Component\Debug\Exception\FatalThrowableError: syntax error, unexpected ';' in /var/www/sage.blog/public_html/wp-content/uploads/cache/ae040fb091d56425ef6dba6d11d66a8a66e35b4f.php:56
Stack trace:
#0 /var/www/sage.blog/public_html/wp-content/themes/sage.blog/vendor/illuminate/view/Engines/CompilerEngine.php(59): Illuminate\View\Engines\PhpEngine->evaluatePath('/var/www/sage.b...', Array)
#1 /var/www/sage.blog/public_html/wp-content/themes/sage.blog/vendor/illuminate/view/View.php(142): Illuminate\View\Engines\CompilerEngine->get('/var/www/sage.b...', Array)
#2 /var/www/sage.blog/public_html/wp-content/themes/sage.blog/vendor/illuminate/view/View.php(125): Illuminate\View\View->getContents()
#3 /var/www/sage.blog/public_html/wp-content/themes/sage.blog/vendor/illuminate/view/View.php(90): Illuminate\View\View->renderContents()
#4 /var/www/sage.blog/public_html/wp-content/uploads/cache/faab90f9944ab9fab5a65546df5ec2aaedb2aece.php(6): Illuminate\View\View->render()
#5 /var/www/sage.blog/public_ht

2018-10-04T06:47:01+00:00 CRITICAL Uncaught InvalidArgumentException: View [partials.page-header] not found. in /var/www/sage.blog/public_html/wp-content/themes/sage.blog/vendor/illuminate/view/FileViewFinder.php:137
Stack trace:
#0 /var/www/sage.blog/public_html/wp-content/themes/sage.blog/vendor/illuminate/view/FileViewFinder.php(79): Illuminate\View\FileViewFinder->findInPaths('partials.page-h...', Array)
#1 /var/www/sage.blog/public_html/wp-content/themes/sage.blog/vendor/illuminate/view/Factory.php(128): Illuminate\View\FileViewFinder->find('partials.page-h...')
#2 /var/www/sage.blog/public_html/wp-content/uploads/cache/0ecdf551693bc66478e8ec26e04c8a0d8f6c29c4.php(2): Illuminate\View\Factory->make('partials.page-h...', Array)
#3 /var/www/sage.blog/public_html/wp-content/themes/sage.blog/vendor/illuminate/view/Engines/PhpEngine.php(43): include('/var/www/sage.b...')
#4 /var/www/sage.blog/public_html/wp-content/themes/sage.blog/vendor/illuminate/view/Engines/CompilerEngine.php(59): Illuminate\View\Engines\PhpEngine->evaluatePath('/var/www/s

2018-10-04T06:47:01+00:00 CRITICAL Uncaught InvalidArgumentException: View [partials.page-header] not found. in /var/www/sage.blog/public_html/wp-content/themes/sage.blog/vendor/illuminate/view/FileViewFinder.php:137
Stack trace:
#0 /var/www/sage.blog/public_html/wp-content/themes/sage.blog/vendor/illuminate/view/FileViewFinder.php(79): Illuminate\View\FileViewFinder->findInPaths('partials.page-h...', Array)
#1 /var/www/sage.blog/public_html/wp-content/themes/sage.blog/vendor/illuminate/view/Factory.php(128): Illuminate\View\FileViewFinder->find('partials.page-h...')
#2 /var/www/sage.blog/public_html/wp-content/uploads/cache/0ecdf551693bc66478e8ec26e04c8a0d8f6c29c4.php(2): Illuminate\View\Factory->make('partials.page-h...', Array)
#3 /var/www/sage.blog/public_html/wp-content/themes/sage.blog/vendor/illuminate/view/Engines/PhpEngine.php(43): include('/var/www/sage.b...')
#4 /var/www/sage.blog/public_html/wp-content/themes/sage.blog/vendor/illuminate/view/Engines/CompilerEngine.php(59): Illuminate\View\Engines\PhpEngine->evaluatePath('/var/www/s

2018-10-04T06:47:01+00:00 CRITICAL Uncaught InvalidArgumentException: View [partials.page-header] not found. in /var/www/sage.blog/public_html/wp-content/themes/sage.blog/vendor/illuminate/view/FileViewFinder.php:137
Stack trace:
#0 /var/www/sage.blog/public_html/wp-content/themes/sage.blog/vendor/illuminate/view/FileViewFinder.php(79): Illuminate\View\FileViewFinder->findInPaths('partials.page-h...', Array)
#1 /var/www/sage.blog/public_html/wp-content/themes/sage.blog/vendor/illuminate/view/Factory.php(128): Illuminate\View\FileViewFinder->find('partials.page-h...')
#2 /var/www/sage.blog/public_html/wp-content/uploads/cache/0ecdf551693bc66478e8ec26e04c8a0d8f6c29c4.php(2): Illuminate\View\Factory->make('partials.page-h...', Array)
#3 /var/www/sage.blog/public_html/wp-content/themes/sage.blog/vendor/illuminate/view/Engines/PhpEngine.php(43): include('/var/www/sage.b...')
#4 /var/www/sage.blog/public_html/wp-content/themes/sage.blog/vendor/illuminate/view/Engines/CompilerEngine.php(59): Illuminate\View\Engines\PhpEngine->evaluatePath('/var/www/s

2018-10-04T06:47:01+00:00 CRITICAL Uncaught InvalidArgumentException: View [partials.page-header] not found. in /var/www/sage.blog/public_html/wp-content/themes/sage.blog/vendor/illuminate/view/FileViewFinder.php:137
Stack trace:
#0 /var/www/sage.blog/public_html/wp-content/themes/sage.blog/vendor/illuminate/view/FileViewFinder.php(79): Illuminate\View\FileViewFinder->findInPaths('partials.page-h...', Array)
#1 /var/www/sage.blog/public_html/wp-content/themes/sage.blog/vendor/illuminate/view/Factory.php(128): Illuminate\View\FileViewFinder->find('partials.page-h...')
#2 /var/www/sage.blog/public_html/wp-content/uploads/cache/0ecdf551693bc66478e8ec26e04c8a0d8f6c29c4.php(2): Illuminate\View\Factory->make('partials.page-h...', Array)
#3 /var/www/sage.blog/public_html/wp-content/themes/sage.blog/vendor/illuminate/view/Engines/PhpEngine.php(43): include('/var/www/sage.b...')
#4 /var/www/sage.blog/public_html/wp-content/themes/sage.blog/vendor/illuminate/view/Engines/CompilerEngine.php(59): Illuminate\View\Engines\PhpEngine->evaluatePath('/var/www/s

2018-10-04T06:47:02+00:00 CRITICAL Uncaught InvalidArgumentException: View [partials.page-header] not found. in /var/www/sage.blog/public_html/wp-content/themes/sage.blog/vendor/illuminate/view/FileViewFinder.php:137
Stack trace:
#0 /var/www/sage.blog/public_html/wp-content/themes/sage.blog/vendor/illuminate/view/FileViewFinder.php(79): Illuminate\View\FileViewFinder->findInPaths('partials.page-h...', Array)
#1 /var/www/sage.blog/public_html/wp-content/themes/sage.blog/vendor/illuminate/view/Factory.php(128): Illuminate\View\FileViewFinder->find('partials.page-h...')
#2 /var/www/sage.blog/public_html/wp-content/uploads/cache/0ecdf551693bc66478e8ec26e04c8a0d8f6c29c4.php(2): Illuminate\View\Factory->make('partials.page-h...', Array)
#3 /var/www/sage.blog/public_html/wp-content/themes/sage.blog/vendor/illuminate/view/Engines/PhpEngine.php(43): include('/var/www/sage.b...')
#4 /var/www/sage.blog/public_html/wp-content/themes/sage.blog/vendor/illuminate/view/Engines/CompilerEngine.php(59): Illuminate\View\Engines\PhpEngine->evaluatePath('/var/www/s

2018-10-04T06:47:02+00:00 CRITICAL Uncaught InvalidArgumentException: View [partials.page-header] not found. in /var/www/sage.blog/public_html/wp-content/themes/sage.blog/vendor/illuminate/view/FileViewFinder.php:137
Stack trace:
#0 /var/www/sage.blog/public_html/wp-content/themes/sage.blog/vendor/illuminate/view/FileViewFinder.php(79): Illuminate\View\FileViewFinder->findInPaths('partials.page-h...', Array)
#1 /var/www/sage.blog/public_html/wp-content/themes/sage.blog/vendor/illuminate/view/Factory.php(128): Illuminate\View\FileViewFinder->find('partials.page-h...')
#2 /var/www/sage.blog/public_html/wp-content/uploads/cache/0ecdf551693bc66478e8ec26e04c8a0d8f6c29c4.php(2): Illuminate\View\Factory->make('partials.page-h...', Array)
#3 /var/www/sage.blog/public_html/wp-content/themes/sage.blog/vendor/illuminate/view/Engines/PhpEngine.php(43): include('/var/www/sage.b...')
#4 /var/www/sage.blog/public_html/wp-content/themes/sage.blog/vendor/illuminate/view/Engines/CompilerEngine.php(59): Illuminate\View\Engines\PhpEngine->evaluatePath('/var/www/s

2018-10-04T06:47:02+00:00 CRITICAL Uncaught InvalidArgumentException: View [partials.page-header] not found. in /var/www/sage.blog/public_html/wp-content/themes/sage.blog/vendor/illuminate/view/FileViewFinder.php:137
Stack trace:
#0 /var/www/sage.blog/public_html/wp-content/themes/sage.blog/vendor/illuminate/view/FileViewFinder.php(79): Illuminate\View\FileViewFinder->findInPaths('partials.page-h...', Array)
#1 /var/www/sage.blog/public_html/wp-content/themes/sage.blog/vendor/illuminate/view/Factory.php(128): Illuminate\View\FileViewFinder->find('partials.page-h...')
#2 /var/www/sage.blog/public_html/wp-content/uploads/cache/0ecdf551693bc66478e8ec26e04c8a0d8f6c29c4.php(2): Illuminate\View\Factory->make('partials.page-h...', Array)
#3 /var/www/sage.blog/public_html/wp-content/themes/sage.blog/vendor/illuminate/view/Engines/PhpEngine.php(43): include('/var/www/sage.b...')
#4 /var/www/sage.blog/public_html/wp-content/themes/sage.blog/vendor/illuminate/view/Engines/CompilerEngine.php(59): Illuminate\View\Engines\PhpEngine->evaluatePath('/var/www/s

2018-10-04T06:47:02+00:00 CRITICAL Uncaught InvalidArgumentException: View [partials.page-header] not found. in /var/www/sage.blog/public_html/wp-content/themes/sage.blog/vendor/illuminate/view/FileViewFinder.php:137
Stack trace:
#0 /var/www/sage.blog/public_html/wp-content/themes/sage.blog/vendor/illuminate/view/FileViewFinder.php(79): Illuminate\View\FileViewFinder->findInPaths('partials.page-h...', Array)
#1 /var/www/sage.blog/public_html/wp-content/themes/sage.blog/vendor/illuminate/view/Factory.php(128): Illuminate\View\FileViewFinder->find('partials.page-h...')
#2 /var/www/sage.blog/public_html/wp-content/uploads/cache/0ecdf551693bc66478e8ec26e04c8a0d8f6c29c4.php(2): Illuminate\View\Factory->make('partials.page-h...', Array)
#3 /var/www/sage.blog/public_html/wp-content/themes/sage.blog/vendor/illuminate/view/Engines/PhpEngine.php(43): include('/var/www/sage.b...')
#4 /var/www/sage.blog/public_html/wp-content/themes/sage.blog/vendor/illuminate/view/Engines/CompilerEngine.php(59): Illuminate\View\Engines\PhpEngine->evaluatePath('/var/www/s

2018-10-04T06:47:02+00:00 CRITICAL Uncaught InvalidArgumentException: View [partials.page-header] not found. in /var/www/sage.blog/public_html/wp-content/themes/sage.blog/vendor/illuminate/view/FileViewFinder.php:137
Stack trace:
#0 /var/www/sage.blog/public_html/wp-content/themes/sage.blog/vendor/illuminate/view/FileViewFinder.php(79): Illuminate\View\FileViewFinder->findInPaths('partials.page-h...', Array)
#1 /var/www/sage.blog/public_html/wp-content/themes/sage.blog/vendor/illuminate/view/Factory.php(128): Illuminate\View\FileViewFinder->find('partials.page-h...')
#2 /var/www/sage.blog/public_html/wp-content/uploads/cache/0ecdf551693bc66478e8ec26e04c8a0d8f6c29c4.php(2): Illuminate\View\Factory->make('partials.page-h...', Array)
#3 /var/www/sage.blog/public_html/wp-content/themes/sage.blog/vendor/illuminate/view/Engines/PhpEngine.php(43): include('/var/www/sage.b...')
#4 /var/www/sage.blog/public_html/wp-content/themes/sage.blog/vendor/illuminate/view/Engines/CompilerEngine.php(59): Illuminate\View\Engines\PhpEngine->evaluatePath('/var/www/s

2018-10-04T06:47:02+00:00 CRITICAL Uncaught InvalidArgumentException: View [partials.page-header] not found. in /var/www/sage.blog/public_html/wp-content/themes/sage.blog/vendor/illuminate/view/FileViewFinder.php:137
Stack trace:
#0 /var/www/sage.blog/public_html/wp-content/themes/sage.blog/vendor/illuminate/view/FileViewFinder.php(79): Illuminate\View\FileViewFinder->findInPaths('partials.page-h...', Array)
#1 /var/www/sage.blog/public_html/wp-content/themes/sage.blog/vendor/illuminate/view/Factory.php(128): Illuminate\View\FileViewFinder->find('partials.page-h...')
#2 /var/www/sage.blog/public_html/wp-content/uploads/cache/0ecdf551693bc66478e8ec26e04c8a0d8f6c29c4.php(2): Illuminate\View\Factory->make('partials.page-h...', Array)
#3 /var/www/sage.blog/public_html/wp-content/themes/sage.blog/vendor/illuminate/view/Engines/PhpEngine.php(43): include('/var/www/sage.b...')
#4 /var/www/sage.blog/public_html/wp-content/themes/sage.blog/vendor/illuminate/view/Engines/CompilerEngine.php(59): Illuminate\View\Engines\PhpEngine->evaluatePath('/var/www/s

2018-10-04T06:47:02+00:00 CRITICAL Uncaught InvalidArgumentException: View [partials.page-header] not found. in /var/www/sage.blog/public_html/wp-content/themes/sage.blog/vendor/illuminate/view/FileViewFinder.php:137
Stack trace:
#0 /var/www/sage.blog/public_html/wp-content/themes/sage.blog/vendor/illuminate/view/FileViewFinder.php(79): Illuminate\View\FileViewFinder->findInPaths('partials.page-h...', Array)
#1 /var/www/sage.blog/public_html/wp-content/themes/sage.blog/vendor/illuminate/view/Factory.php(128): Illuminate\View\FileViewFinder->find('partials.page-h...')
#2 /var/www/sage.blog/public_html/wp-content/uploads/cache/0ecdf551693bc66478e8ec26e04c8a0d8f6c29c4.php(2): Illuminate\View\Factory->make('partials.page-h...', Array)
#3 /var/www/sage.blog/public_html/wp-content/themes/sage.blog/vendor/illuminate/view/Engines/PhpEngine.php(43): include('/var/www/sage.b...')
#4 /var/www/sage.blog/public_html/wp-content/themes/sage.blog/vendor/illuminate/view/Engines/CompilerEngine.php(59): Illuminate\View\Engines\PhpEngine->evaluatePath('/var/www/s

2018-10-04T06:47:02+00:00 CRITICAL Uncaught InvalidArgumentException: View [partials.page-header] not found. in /var/www/sage.blog/public_html/wp-content/themes/sage.blog/vendor/illuminate/view/FileViewFinder.php:137
Stack trace:
#0 /var/www/sage.blog/public_html/wp-content/themes/sage.blog/vendor/illuminate/view/FileViewFinder.php(79): Illuminate\View\FileViewFinder->findInPaths('partials.page-h...', Array)
#1 /var/www/sage.blog/public_html/wp-content/themes/sage.blog/vendor/illuminate/view/Factory.php(128): Illuminate\View\FileViewFinder->find('partials.page-h...')
#2 /var/www/sage.blog/public_html/wp-content/uploads/cache/0ecdf551693bc66478e8ec26e04c8a0d8f6c29c4.php(2): Illuminate\View\Factory->make('partials.page-h...', Array)
#3 /var/www/sage.blog/public_html/wp-content/themes/sage.blog/vendor/illuminate/view/Engines/PhpEngine.php(43): include('/var/www/sage.b...')
#4 /var/www/sage.blog/public_html/wp-content/themes/sage.blog/vendor/illuminate/view/Engines/CompilerEngine.php(59): Illuminate\View\Engines\PhpEngine->evaluatePath('/var/www/s

2018-10-04T07:55:11+00:00 CRITICAL Uncaught InvalidArgumentException: View [partials.page-header] not found. in /var/www/sage.blog/public_html/wp-content/themes/sage.blog/vendor/illuminate/view/FileViewFinder.php:137
Stack trace:
#0 /var/www/sage.blog/public_html/wp-content/themes/sage.blog/vendor/illuminate/view/FileViewFinder.php(79): Illuminate\View\FileViewFinder->findInPaths('partials.page-h...', Array)
#1 /var/www/sage.blog/public_html/wp-content/themes/sage.blog/vendor/illuminate/view/Factory.php(128): Illuminate\View\FileViewFinder->find('partials.page-h...')
#2 /var/www/sage.blog/public_html/wp-content/uploads/cache/0ecdf551693bc66478e8ec26e04c8a0d8f6c29c4.php(2): Illuminate\View\Factory->make('partials.page-h...', Array)
#3 /var/www/sage.blog/public_html/wp-content/themes/sage.blog/vendor/illuminate/view/Engines/PhpEngine.php(43): include('/var/www/sage.b...')
#4 /var/www/sage.blog/public_html/wp-content/themes/sage.blog/vendor/illuminate/view/Engines/CompilerEngine.php(59): Illuminate\View\Engines\PhpEngine->evaluatePath('/var/www/s

2018-10-04T07:55:11+00:00 CRITICAL Uncaught InvalidArgumentException: View [partials.page-header] not found. in /var/www/sage.blog/public_html/wp-content/themes/sage.blog/vendor/illuminate/view/FileViewFinder.php:137
Stack trace:
#0 /var/www/sage.blog/public_html/wp-content/themes/sage.blog/vendor/illuminate/view/FileViewFinder.php(79): Illuminate\View\FileViewFinder->findInPaths('partials.page-h...', Array)
#1 /var/www/sage.blog/public_html/wp-content/themes/sage.blog/vendor/illuminate/view/Factory.php(128): Illuminate\View\FileViewFinder->find('partials.page-h...')
#2 /var/www/sage.blog/public_html/wp-content/uploads/cache/0ecdf551693bc66478e8ec26e04c8a0d8f6c29c4.php(2): Illuminate\View\Factory->make('partials.page-h...', Array)
#3 /var/www/sage.blog/public_html/wp-content/themes/sage.blog/vendor/illuminate/view/Engines/PhpEngine.php(43): include('/var/www/sage.b...')
#4 /var/www/sage.blog/public_html/wp-content/themes/sage.blog/vendor/illuminate/view/Engines/CompilerEngine.php(59): Illuminate\View\Engines\PhpEngine->evaluatePath('/var/www/s

2018-10-04T07:55:12+00:00 CRITICAL Uncaught InvalidArgumentException: View [partials.page-header] not found. in /var/www/sage.blog/public_html/wp-content/themes/sage.blog/vendor/illuminate/view/FileViewFinder.php:137
Stack trace:
#0 /var/www/sage.blog/public_html/wp-content/themes/sage.blog/vendor/illuminate/view/FileViewFinder.php(79): Illuminate\View\FileViewFinder->findInPaths('partials.page-h...', Array)
#1 /var/www/sage.blog/public_html/wp-content/themes/sage.blog/vendor/illuminate/view/Factory.php(128): Illuminate\View\FileViewFinder->find('partials.page-h...')
#2 /var/www/sage.blog/public_html/wp-content/uploads/cache/0ecdf551693bc66478e8ec26e04c8a0d8f6c29c4.php(2): Illuminate\View\Factory->make('partials.page-h...', Array)
#3 /var/www/sage.blog/public_html/wp-content/themes/sage.blog/vendor/illuminate/view/Engines/PhpEngine.php(43): include('/var/www/sage.b...')
#4 /var/www/sage.blog/public_html/wp-content/themes/sage.blog/vendor/illuminate/view/Engines/CompilerEngine.php(59): Illuminate\View\Engines\PhpEngine->evaluatePath('/var/www/s

2018-10-04T07:55:12+00:00 CRITICAL Uncaught InvalidArgumentException: View [partials.page-header] not found. in /var/www/sage.blog/public_html/wp-content/themes/sage.blog/vendor/illuminate/view/FileViewFinder.php:137
Stack trace:
#0 /var/www/sage.blog/public_html/wp-content/themes/sage.blog/vendor/illuminate/view/FileViewFinder.php(79): Illuminate\View\FileViewFinder->findInPaths('partials.page-h...', Array)
#1 /var/www/sage.blog/public_html/wp-content/themes/sage.blog/vendor/illuminate/view/Factory.php(128): Illuminate\View\FileViewFinder->find('partials.page-h...')
#2 /var/www/sage.blog/public_html/wp-content/uploads/cache/0ecdf551693bc66478e8ec26e04c8a0d8f6c29c4.php(2): Illuminate\View\Factory->make('partials.page-h...', Array)
#3 /var/www/sage.blog/public_html/wp-content/themes/sage.blog/vendor/illuminate/view/Engines/PhpEngine.php(43): include('/var/www/sage.b...')
#4 /var/www/sage.blog/public_html/wp-content/themes/sage.blog/vendor/illuminate/view/Engines/CompilerEngine.php(59): Illuminate\View\Engines\PhpEngine->evaluatePath('/var/www/s

2018-10-04T07:55:12+00:00 CRITICAL Uncaught InvalidArgumentException: View [partials.page-header] not found. in /var/www/sage.blog/public_html/wp-content/themes/sage.blog/vendor/illuminate/view/FileViewFinder.php:137
Stack trace:
#0 /var/www/sage.blog/public_html/wp-content/themes/sage.blog/vendor/illuminate/view/FileViewFinder.php(79): Illuminate\View\FileViewFinder->findInPaths('partials.page-h...', Array)
#1 /var/www/sage.blog/public_html/wp-content/themes/sage.blog/vendor/illuminate/view/Factory.php(128): Illuminate\View\FileViewFinder->find('partials.page-h...')
#2 /var/www/sage.blog/public_html/wp-content/uploads/cache/0ecdf551693bc66478e8ec26e04c8a0d8f6c29c4.php(2): Illuminate\View\Factory->make('partials.page-h...', Array)
#3 /var/www/sage.blog/public_html/wp-content/themes/sage.blog/vendor/illuminate/view/Engines/PhpEngine.php(43): include('/var/www/sage.b...')
#4 /var/www/sage.blog/public_html/wp-content/themes/sage.blog/vendor/illuminate/view/Engines/CompilerEngine.php(59): Illuminate\View\Engines\PhpEngine->evaluatePath('/var/www/s

2018-10-04T07:55:12+00:00 CRITICAL Uncaught InvalidArgumentException: View [partials.page-header] not found. in /var/www/sage.blog/public_html/wp-content/themes/sage.blog/vendor/illuminate/view/FileViewFinder.php:137
Stack trace:
#0 /var/www/sage.blog/public_html/wp-content/themes/sage.blog/vendor/illuminate/view/FileViewFinder.php(79): Illuminate\View\FileViewFinder->findInPaths('partials.page-h...', Array)
#1 /var/www/sage.blog/public_html/wp-content/themes/sage.blog/vendor/illuminate/view/Factory.php(128): Illuminate\View\FileViewFinder->find('partials.page-h...')
#2 /var/www/sage.blog/public_html/wp-content/uploads/cache/0ecdf551693bc66478e8ec26e04c8a0d8f6c29c4.php(2): Illuminate\View\Factory->make('partials.page-h...', Array)
#3 /var/www/sage.blog/public_html/wp-content/themes/sage.blog/vendor/illuminate/view/Engines/PhpEngine.php(43): include('/var/www/sage.b...')
#4 /var/www/sage.blog/public_html/wp-content/themes/sage.blog/vendor/illuminate/view/Engines/CompilerEngine.php(59): Illuminate\View\Engines\PhpEngine->evaluatePath('/var/www/s

2018-10-04T07:55:12+00:00 CRITICAL Uncaught InvalidArgumentException: View [partials.page-header] not found. in /var/www/sage.blog/public_html/wp-content/themes/sage.blog/vendor/illuminate/view/FileViewFinder.php:137
Stack trace:
#0 /var/www/sage.blog/public_html/wp-content/themes/sage.blog/vendor/illuminate/view/FileViewFinder.php(79): Illuminate\View\FileViewFinder->findInPaths('partials.page-h...', Array)
#1 /var/www/sage.blog/public_html/wp-content/themes/sage.blog/vendor/illuminate/view/Factory.php(128): Illuminate\View\FileViewFinder->find('partials.page-h...')
#2 /var/www/sage.blog/public_html/wp-content/uploads/cache/0ecdf551693bc66478e8ec26e04c8a0d8f6c29c4.php(2): Illuminate\View\Factory->make('partials.page-h...', Array)
#3 /var/www/sage.blog/public_html/wp-content/themes/sage.blog/vendor/illuminate/view/Engines/PhpEngine.php(43): include('/var/www/sage.b...')
#4 /var/www/sage.blog/public_html/wp-content/themes/sage.blog/vendor/illuminate/view/Engines/CompilerEngine.php(59): Illuminate\View\Engines\PhpEngine->evaluatePath('/var/www/s

2018-10-04T07:55:12+00:00 CRITICAL Uncaught InvalidArgumentException: View [partials.page-header] not found. in /var/www/sage.blog/public_html/wp-content/themes/sage.blog/vendor/illuminate/view/FileViewFinder.php:137
Stack trace:
#0 /var/www/sage.blog/public_html/wp-content/themes/sage.blog/vendor/illuminate/view/FileViewFinder.php(79): Illuminate\View\FileViewFinder->findInPaths('partials.page-h...', Array)
#1 /var/www/sage.blog/public_html/wp-content/themes/sage.blog/vendor/illuminate/view/Factory.php(128): Illuminate\View\FileViewFinder->find('partials.page-h...')
#2 /var/www/sage.blog/public_html/wp-content/uploads/cache/0ecdf551693bc66478e8ec26e04c8a0d8f6c29c4.php(2): Illuminate\View\Factory->make('partials.page-h...', Array)
#3 /var/www/sage.blog/public_html/wp-content/themes/sage.blog/vendor/illuminate/view/Engines/PhpEngine.php(43): include('/var/www/sage.b...')
#4 /var/www/sage.blog/public_html/wp-content/themes/sage.blog/vendor/illuminate/view/Engines/CompilerEngine.php(59): Illuminate\View\Engines\PhpEngine->evaluatePath('/var/www/s

2018-10-04T07:55:12+00:00 CRITICAL Uncaught InvalidArgumentException: View [partials.page-header] not found. in /var/www/sage.blog/public_html/wp-content/themes/sage.blog/vendor/illuminate/view/FileViewFinder.php:137
Stack trace:
#0 /var/www/sage.blog/public_html/wp-content/themes/sage.blog/vendor/illuminate/view/FileViewFinder.php(79): Illuminate\View\FileViewFinder->findInPaths('partials.page-h...', Array)
#1 /var/www/sage.blog/public_html/wp-content/themes/sage.blog/vendor/illuminate/view/Factory.php(128): Illuminate\View\FileViewFinder->find('partials.page-h...')
#2 /var/www/sage.blog/public_html/wp-content/uploads/cache/0ecdf551693bc66478e8ec26e04c8a0d8f6c29c4.php(2): Illuminate\View\Factory->make('partials.page-h...', Array)
#3 /var/www/sage.blog/public_html/wp-content/themes/sage.blog/vendor/illuminate/view/Engines/PhpEngine.php(43): include('/var/www/sage.b...')
#4 /var/www/sage.blog/public_html/wp-content/themes/sage.blog/vendor/illuminate/view/Engines/CompilerEngine.php(59): Illuminate\View\Engines\PhpEngine->evaluatePath('/var/www/s

2018-10-04T07:55:12+00:00 CRITICAL Uncaught InvalidArgumentException: View [partials.page-header] not found. in /var/www/sage.blog/public_html/wp-content/themes/sage.blog/vendor/illuminate/view/FileViewFinder.php:137
Stack trace:
#0 /var/www/sage.blog/public_html/wp-content/themes/sage.blog/vendor/illuminate/view/FileViewFinder.php(79): Illuminate\View\FileViewFinder->findInPaths('partials.page-h...', Array)
#1 /var/www/sage.blog/public_html/wp-content/themes/sage.blog/vendor/illuminate/view/Factory.php(128): Illuminate\View\FileViewFinder->find('partials.page-h...')
#2 /var/www/sage.blog/public_html/wp-content/uploads/cache/0ecdf551693bc66478e8ec26e04c8a0d8f6c29c4.php(2): Illuminate\View\Factory->make('partials.page-h...', Array)
#3 /var/www/sage.blog/public_html/wp-content/themes/sage.blog/vendor/illuminate/view/Engines/PhpEngine.php(43): include('/var/www/sage.b...')
#4 /var/www/sage.blog/public_html/wp-content/themes/sage.blog/vendor/illuminate/view/Engines/CompilerEngine.php(59): Illuminate\View\Engines\PhpEngine->evaluatePath('/var/www/s

2018-10-04T07:55:12+00:00 CRITICAL Uncaught InvalidArgumentException: View [partials.page-header] not found. in /var/www/sage.blog/public_html/wp-content/themes/sage.blog/vendor/illuminate/view/FileViewFinder.php:137
Stack trace:
#0 /var/www/sage.blog/public_html/wp-content/themes/sage.blog/vendor/illuminate/view/FileViewFinder.php(79): Illuminate\View\FileViewFinder->findInPaths('partials.page-h...', Array)
#1 /var/www/sage.blog/public_html/wp-content/themes/sage.blog/vendor/illuminate/view/Factory.php(128): Illuminate\View\FileViewFinder->find('partials.page-h...')
#2 /var/www/sage.blog/public_html/wp-content/uploads/cache/0ecdf551693bc66478e8ec26e04c8a0d8f6c29c4.php(2): Illuminate\View\Factory->make('partials.page-h...', Array)
#3 /var/www/sage.blog/public_html/wp-content/themes/sage.blog/vendor/illuminate/view/Engines/PhpEngine.php(43): include('/var/www/sage.b...')
#4 /var/www/sage.blog/public_html/wp-content/themes/sage.blog/vendor/illuminate/view/Engines/CompilerEngine.php(59): Illuminate\View\Engines\PhpEngine->evaluatePath('/var/www/s

2018-10-04T08:00:46+00:00 CRITICAL Uncaught InvalidArgumentException: View [partials.page-header] not found. in /var/www/sage.blog/public_html/wp-content/themes/sage.blog/vendor/illuminate/view/FileViewFinder.php:137
Stack trace:
#0 /var/www/sage.blog/public_html/wp-content/themes/sage.blog/vendor/illuminate/view/FileViewFinder.php(79): Illuminate\View\FileViewFinder->findInPaths('partials.page-h...', Array)
#1 /var/www/sage.blog/public_html/wp-content/themes/sage.blog/vendor/illuminate/view/Factory.php(128): Illuminate\View\FileViewFinder->find('partials.page-h...')
#2 /var/www/sage.blog/public_html/wp-content/uploads/cache/0ecdf551693bc66478e8ec26e04c8a0d8f6c29c4.php(2): Illuminate\View\Factory->make('partials.page-h...', Array)
#3 /var/www/sage.blog/public_html/wp-content/themes/sage.blog/vendor/illuminate/view/Engines/PhpEngine.php(43): include('/var/www/sage.b...')
#4 /var/www/sage.blog/public_html/wp-content/themes/sage.blog/vendor/illuminate/view/Engines/CompilerEngine.php(59): Illuminate\View\Engines\PhpEngine->evaluatePath('/var/www/s

2018-10-04T08:00:46+00:00 CRITICAL Uncaught InvalidArgumentException: View [partials.page-header] not found. in /var/www/sage.blog/public_html/wp-content/themes/sage.blog/vendor/illuminate/view/FileViewFinder.php:137
Stack trace:
#0 /var/www/sage.blog/public_html/wp-content/themes/sage.blog/vendor/illuminate/view/FileViewFinder.php(79): Illuminate\View\FileViewFinder->findInPaths('partials.page-h...', Array)
#1 /var/www/sage.blog/public_html/wp-content/themes/sage.blog/vendor/illuminate/view/Factory.php(128): Illuminate\View\FileViewFinder->find('partials.page-h...')
#2 /var/www/sage.blog/public_html/wp-content/uploads/cache/0ecdf551693bc66478e8ec26e04c8a0d8f6c29c4.php(2): Illuminate\View\Factory->make('partials.page-h...', Array)
#3 /var/www/sage.blog/public_html/wp-content/themes/sage.blog/vendor/illuminate/view/Engines/PhpEngine.php(43): include('/var/www/sage.b...')
#4 /var/www/sage.blog/public_html/wp-content/themes/sage.blog/vendor/illuminate/view/Engines/CompilerEngine.php(59): Illuminate\View\Engines\PhpEngine->evaluatePath('/var/www/s

2018-10-04T08:00:46+00:00 CRITICAL Uncaught InvalidArgumentException: View [partials.page-header] not found. in /var/www/sage.blog/public_html/wp-content/themes/sage.blog/vendor/illuminate/view/FileViewFinder.php:137
Stack trace:
#0 /var/www/sage.blog/public_html/wp-content/themes/sage.blog/vendor/illuminate/view/FileViewFinder.php(79): Illuminate\View\FileViewFinder->findInPaths('partials.page-h...', Array)
#1 /var/www/sage.blog/public_html/wp-content/themes/sage.blog/vendor/illuminate/view/Factory.php(128): Illuminate\View\FileViewFinder->find('partials.page-h...')
#2 /var/www/sage.blog/public_html/wp-content/uploads/cache/0ecdf551693bc66478e8ec26e04c8a0d8f6c29c4.php(2): Illuminate\View\Factory->make('partials.page-h...', Array)
#3 /var/www/sage.blog/public_html/wp-content/themes/sage.blog/vendor/illuminate/view/Engines/PhpEngine.php(43): include('/var/www/sage.b...')
#4 /var/www/sage.blog/public_html/wp-content/themes/sage.blog/vendor/illuminate/view/Engines/CompilerEngine.php(59): Illuminate\View\Engines\PhpEngine->evaluatePath('/var/www/s

2018-10-04T08:00:46+00:00 CRITICAL Uncaught InvalidArgumentException: View [partials.page-header] not found. in /var/www/sage.blog/public_html/wp-content/themes/sage.blog/vendor/illuminate/view/FileViewFinder.php:137
Stack trace:
#0 /var/www/sage.blog/public_html/wp-content/themes/sage.blog/vendor/illuminate/view/FileViewFinder.php(79): Illuminate\View\FileViewFinder->findInPaths('partials.page-h...', Array)
#1 /var/www/sage.blog/public_html/wp-content/themes/sage.blog/vendor/illuminate/view/Factory.php(128): Illuminate\View\FileViewFinder->find('partials.page-h...')
#2 /var/www/sage.blog/public_html/wp-content/uploads/cache/0ecdf551693bc66478e8ec26e04c8a0d8f6c29c4.php(2): Illuminate\View\Factory->make('partials.page-h...', Array)
#3 /var/www/sage.blog/public_html/wp-content/themes/sage.blog/vendor/illuminate/view/Engines/PhpEngine.php(43): include('/var/www/sage.b...')
#4 /var/www/sage.blog/public_html/wp-content/themes/sage.blog/vendor/illuminate/view/Engines/CompilerEngine.php(59): Illuminate\View\Engines\PhpEngine->evaluatePath('/var/www/s

2018-10-04T08:00:46+00:00 CRITICAL Uncaught InvalidArgumentException: View [partials.page-header] not found. in /var/www/sage.blog/public_html/wp-content/themes/sage.blog/vendor/illuminate/view/FileViewFinder.php:137
Stack trace:
#0 /var/www/sage.blog/public_html/wp-content/themes/sage.blog/vendor/illuminate/view/FileViewFinder.php(79): Illuminate\View\FileViewFinder->findInPaths('partials.page-h...', Array)
#1 /var/www/sage.blog/public_html/wp-content/themes/sage.blog/vendor/illuminate/view/Factory.php(128): Illuminate\View\FileViewFinder->find('partials.page-h...')
#2 /var/www/sage.blog/public_html/wp-content/uploads/cache/0ecdf551693bc66478e8ec26e04c8a0d8f6c29c4.php(2): Illuminate\View\Factory->make('partials.page-h...', Array)
#3 /var/www/sage.blog/public_html/wp-content/themes/sage.blog/vendor/illuminate/view/Engines/PhpEngine.php(43): include('/var/www/sage.b...')
#4 /var/www/sage.blog/public_html/wp-content/themes/sage.blog/vendor/illuminate/view/Engines/CompilerEngine.php(59): Illuminate\View\Engines\PhpEngine->evaluatePath('/var/www/s

2018-10-04T08:00:46+00:00 CRITICAL Uncaught InvalidArgumentException: View [partials.page-header] not found. in /var/www/sage.blog/public_html/wp-content/themes/sage.blog/vendor/illuminate/view/FileViewFinder.php:137
Stack trace:
#0 /var/www/sage.blog/public_html/wp-content/themes/sage.blog/vendor/illuminate/view/FileViewFinder.php(79): Illuminate\View\FileViewFinder->findInPaths('partials.page-h...', Array)
#1 /var/www/sage.blog/public_html/wp-content/themes/sage.blog/vendor/illuminate/view/Factory.php(128): Illuminate\View\FileViewFinder->find('partials.page-h...')
#2 /var/www/sage.blog/public_html/wp-content/uploads/cache/0ecdf551693bc66478e8ec26e04c8a0d8f6c29c4.php(2): Illuminate\View\Factory->make('partials.page-h...', Array)
#3 /var/www/sage.blog/public_html/wp-content/themes/sage.blog/vendor/illuminate/view/Engines/PhpEngine.php(43): include('/var/www/sage.b...')
#4 /var/www/sage.blog/public_html/wp-content/themes/sage.blog/vendor/illuminate/view/Engines/CompilerEngine.php(59): Illuminate\View\Engines\PhpEngine->evaluatePath('/var/www/s

2018-10-04T08:00:46+00:00 CRITICAL Uncaught InvalidArgumentException: View [partials.page-header] not found. in /var/www/sage.blog/public_html/wp-content/themes/sage.blog/vendor/illuminate/view/FileViewFinder.php:137
Stack trace:
#0 /var/www/sage.blog/public_html/wp-content/themes/sage.blog/vendor/illuminate/view/FileViewFinder.php(79): Illuminate\View\FileViewFinder->findInPaths('partials.page-h...', Array)
#1 /var/www/sage.blog/public_html/wp-content/themes/sage.blog/vendor/illuminate/view/Factory.php(128): Illuminate\View\FileViewFinder->find('partials.page-h...')
#2 /var/www/sage.blog/public_html/wp-content/uploads/cache/0ecdf551693bc66478e8ec26e04c8a0d8f6c29c4.php(2): Illuminate\View\Factory->make('partials.page-h...', Array)
#3 /var/www/sage.blog/public_html/wp-content/themes/sage.blog/vendor/illuminate/view/Engines/PhpEngine.php(43): include('/var/www/sage.b...')
#4 /var/www/sage.blog/public_html/wp-content/themes/sage.blog/vendor/illuminate/view/Engines/CompilerEngine.php(59): Illuminate\View\Engines\PhpEngine->evaluatePath('/var/www/s

2018-10-04T08:00:47+00:00 CRITICAL Uncaught InvalidArgumentException: View [partials.page-header] not found. in /var/www/sage.blog/public_html/wp-content/themes/sage.blog/vendor/illuminate/view/FileViewFinder.php:137
Stack trace:
#0 /var/www/sage.blog/public_html/wp-content/themes/sage.blog/vendor/illuminate/view/FileViewFinder.php(79): Illuminate\View\FileViewFinder->findInPaths('partials.page-h...', Array)
#1 /var/www/sage.blog/public_html/wp-content/themes/sage.blog/vendor/illuminate/view/Factory.php(128): Illuminate\View\FileViewFinder->find('partials.page-h...')
#2 /var/www/sage.blog/public_html/wp-content/uploads/cache/0ecdf551693bc66478e8ec26e04c8a0d8f6c29c4.php(2): Illuminate\View\Factory->make('partials.page-h...', Array)
#3 /var/www/sage.blog/public_html/wp-content/themes/sage.blog/vendor/illuminate/view/Engines/PhpEngine.php(43): include('/var/www/sage.b...')
#4 /var/www/sage.blog/public_html/wp-content/themes/sage.blog/vendor/illuminate/view/Engines/CompilerEngine.php(59): Illuminate\View\Engines\PhpEngine->evaluatePath('/var/www/s

2018-10-04T08:00:47+00:00 CRITICAL Uncaught InvalidArgumentException: View [partials.page-header] not found. in /var/www/sage.blog/public_html/wp-content/themes/sage.blog/vendor/illuminate/view/FileViewFinder.php:137
Stack trace:
#0 /var/www/sage.blog/public_html/wp-content/themes/sage.blog/vendor/illuminate/view/FileViewFinder.php(79): Illuminate\View\FileViewFinder->findInPaths('partials.page-h...', Array)
#1 /var/www/sage.blog/public_html/wp-content/themes/sage.blog/vendor/illuminate/view/Factory.php(128): Illuminate\View\FileViewFinder->find('partials.page-h...')
#2 /var/www/sage.blog/public_html/wp-content/uploads/cache/0ecdf551693bc66478e8ec26e04c8a0d8f6c29c4.php(2): Illuminate\View\Factory->make('partials.page-h...', Array)
#3 /var/www/sage.blog/public_html/wp-content/themes/sage.blog/vendor/illuminate/view/Engines/PhpEngine.php(43): include('/var/www/sage.b...')
#4 /var/www/sage.blog/public_html/wp-content/themes/sage.blog/vendor/illuminate/view/Engines/CompilerEngine.php(59): Illuminate\View\Engines\PhpEngine->evaluatePath('/var/www/s

2018-10-04T08:00:47+00:00 CRITICAL Uncaught InvalidArgumentException: View [partials.page-header] not found. in /var/www/sage.blog/public_html/wp-content/themes/sage.blog/vendor/illuminate/view/FileViewFinder.php:137
Stack trace:
#0 /var/www/sage.blog/public_html/wp-content/themes/sage.blog/vendor/illuminate/view/FileViewFinder.php(79): Illuminate\View\FileViewFinder->findInPaths('partials.page-h...', Array)
#1 /var/www/sage.blog/public_html/wp-content/themes/sage.blog/vendor/illuminate/view/Factory.php(128): Illuminate\View\FileViewFinder->find('partials.page-h...')
#2 /var/www/sage.blog/public_html/wp-content/uploads/cache/0ecdf551693bc66478e8ec26e04c8a0d8f6c29c4.php(2): Illuminate\View\Factory->make('partials.page-h...', Array)
#3 /var/www/sage.blog/public_html/wp-content/themes/sage.blog/vendor/illuminate/view/Engines/PhpEngine.php(43): include('/var/www/sage.b...')
#4 /var/www/sage.blog/public_html/wp-content/themes/sage.blog/vendor/illuminate/view/Engines/CompilerEngine.php(59): Illuminate\View\Engines\PhpEngine->evaluatePath('/var/www/s

2018-10-04T08:00:47+00:00 CRITICAL Uncaught InvalidArgumentException: View [partials.page-header] not found. in /var/www/sage.blog/public_html/wp-content/themes/sage.blog/vendor/illuminate/view/FileViewFinder.php:137
Stack trace:
#0 /var/www/sage.blog/public_html/wp-content/themes/sage.blog/vendor/illuminate/view/FileViewFinder.php(79): Illuminate\View\FileViewFinder->findInPaths('partials.page-h...', Array)
#1 /var/www/sage.blog/public_html/wp-content/themes/sage.blog/vendor/illuminate/view/Factory.php(128): Illuminate\View\FileViewFinder->find('partials.page-h...')
#2 /var/www/sage.blog/public_html/wp-content/uploads/cache/0ecdf551693bc66478e8ec26e04c8a0d8f6c29c4.php(2): Illuminate\View\Factory->make('partials.page-h...', Array)
#3 /var/www/sage.blog/public_html/wp-content/themes/sage.blog/vendor/illuminate/view/Engines/PhpEngine.php(43): include('/var/www/sage.b...')
#4 /var/www/sage.blog/public_html/wp-content/themes/sage.blog/vendor/illuminate/view/Engines/CompilerEngine.php(59): Illuminate\View\Engines\PhpEngine->evaluatePath('/var/www/s

2018-10-04T08:49:43+00:00 CRITICAL Uncaught InvalidArgumentException: View [partials.page-header] not found. in /var/www/sage.blog/public_html/wp-content/themes/sage.blog/vendor/illuminate/view/FileViewFinder.php:137
Stack trace:
#0 /var/www/sage.blog/public_html/wp-content/themes/sage.blog/vendor/illuminate/view/FileViewFinder.php(79): Illuminate\View\FileViewFinder->findInPaths('partials.page-h...', Array)
#1 /var/www/sage.blog/public_html/wp-content/themes/sage.blog/vendor/illuminate/view/Factory.php(128): Illuminate\View\FileViewFinder->find('partials.page-h...')
#2 /var/www/sage.blog/public_html/wp-content/uploads/cache/0ecdf551693bc66478e8ec26e04c8a0d8f6c29c4.php(2): Illuminate\View\Factory->make('partials.page-h...', Array)
#3 /var/www/sage.blog/public_html/wp-content/themes/sage.blog/vendor/illuminate/view/Engines/PhpEngine.php(43): include('/var/www/sage.b...')
#4 /var/www/sage.blog/public_html/wp-content/themes/sage.blog/vendor/illuminate/view/Engines/CompilerEngine.php(59): Illuminate\View\Engines\PhpEngine->evaluatePath('/var/www/s

2018-10-04T08:49:43+00:00 CRITICAL Uncaught InvalidArgumentException: View [partials.page-header] not found. in /var/www/sage.blog/public_html/wp-content/themes/sage.blog/vendor/illuminate/view/FileViewFinder.php:137
Stack trace:
#0 /var/www/sage.blog/public_html/wp-content/themes/sage.blog/vendor/illuminate/view/FileViewFinder.php(79): Illuminate\View\FileViewFinder->findInPaths('partials.page-h...', Array)
#1 /var/www/sage.blog/public_html/wp-content/themes/sage.blog/vendor/illuminate/view/Factory.php(128): Illuminate\View\FileViewFinder->find('partials.page-h...')
#2 /var/www/sage.blog/public_html/wp-content/uploads/cache/0ecdf551693bc66478e8ec26e04c8a0d8f6c29c4.php(2): Illuminate\View\Factory->make('partials.page-h...', Array)
#3 /var/www/sage.blog/public_html/wp-content/themes/sage.blog/vendor/illuminate/view/Engines/PhpEngine.php(43): include('/var/www/sage.b...')
#4 /var/www/sage.blog/public_html/wp-content/themes/sage.blog/vendor/illuminate/view/Engines/CompilerEngine.php(59): Illuminate\View\Engines\PhpEngine->evaluatePath('/var/www/s

2018-10-04T08:49:43+00:00 CRITICAL Uncaught InvalidArgumentException: View [partials.page-header] not found. in /var/www/sage.blog/public_html/wp-content/themes/sage.blog/vendor/illuminate/view/FileViewFinder.php:137
Stack trace:
#0 /var/www/sage.blog/public_html/wp-content/themes/sage.blog/vendor/illuminate/view/FileViewFinder.php(79): Illuminate\View\FileViewFinder->findInPaths('partials.page-h...', Array)
#1 /var/www/sage.blog/public_html/wp-content/themes/sage.blog/vendor/illuminate/view/Factory.php(128): Illuminate\View\FileViewFinder->find('partials.page-h...')
#2 /var/www/sage.blog/public_html/wp-content/uploads/cache/0ecdf551693bc66478e8ec26e04c8a0d8f6c29c4.php(2): Illuminate\View\Factory->make('partials.page-h...', Array)
#3 /var/www/sage.blog/public_html/wp-content/themes/sage.blog/vendor/illuminate/view/Engines/PhpEngine.php(43): include('/var/www/sage.b...')
#4 /var/www/sage.blog/public_html/wp-content/themes/sage.blog/vendor/illuminate/view/Engines/CompilerEngine.php(59): Illuminate\View\Engines\PhpEngine->evaluatePath('/var/www/s

2018-10-04T08:49:43+00:00 CRITICAL Uncaught InvalidArgumentException: View [partials.page-header] not found. in /var/www/sage.blog/public_html/wp-content/themes/sage.blog/vendor/illuminate/view/FileViewFinder.php:137
Stack trace:
#0 /var/www/sage.blog/public_html/wp-content/themes/sage.blog/vendor/illuminate/view/FileViewFinder.php(79): Illuminate\View\FileViewFinder->findInPaths('partials.page-h...', Array)
#1 /var/www/sage.blog/public_html/wp-content/themes/sage.blog/vendor/illuminate/view/Factory.php(128): Illuminate\View\FileViewFinder->find('partials.page-h...')
#2 /var/www/sage.blog/public_html/wp-content/uploads/cache/0ecdf551693bc66478e8ec26e04c8a0d8f6c29c4.php(2): Illuminate\View\Factory->make('partials.page-h...', Array)
#3 /var/www/sage.blog/public_html/wp-content/themes/sage.blog/vendor/illuminate/view/Engines/PhpEngine.php(43): include('/var/www/sage.b...')
#4 /var/www/sage.blog/public_html/wp-content/themes/sage.blog/vendor/illuminate/view/Engines/CompilerEngine.php(59): Illuminate\View\Engines\PhpEngine->evaluatePath('/var/www/s

2018-10-04T08:49:43+00:00 CRITICAL Uncaught InvalidArgumentException: View [partials.page-header] not found. in /var/www/sage.blog/public_html/wp-content/themes/sage.blog/vendor/illuminate/view/FileViewFinder.php:137
Stack trace:
#0 /var/www/sage.blog/public_html/wp-content/themes/sage.blog/vendor/illuminate/view/FileViewFinder.php(79): Illuminate\View\FileViewFinder->findInPaths('partials.page-h...', Array)
#1 /var/www/sage.blog/public_html/wp-content/themes/sage.blog/vendor/illuminate/view/Factory.php(128): Illuminate\View\FileViewFinder->find('partials.page-h...')
#2 /var/www/sage.blog/public_html/wp-content/uploads/cache/0ecdf551693bc66478e8ec26e04c8a0d8f6c29c4.php(2): Illuminate\View\Factory->make('partials.page-h...', Array)
#3 /var/www/sage.blog/public_html/wp-content/themes/sage.blog/vendor/illuminate/view/Engines/PhpEngine.php(43): include('/var/www/sage.b...')
#4 /var/www/sage.blog/public_html/wp-content/themes/sage.blog/vendor/illuminate/view/Engines/CompilerEngine.php(59): Illuminate\View\Engines\PhpEngine->evaluatePath('/var/www/s

2018-10-04T08:49:44+00:00 CRITICAL Uncaught InvalidArgumentException: View [partials.page-header] not found. in /var/www/sage.blog/public_html/wp-content/themes/sage.blog/vendor/illuminate/view/FileViewFinder.php:137
Stack trace:
#0 /var/www/sage.blog/public_html/wp-content/themes/sage.blog/vendor/illuminate/view/FileViewFinder.php(79): Illuminate\View\FileViewFinder->findInPaths('partials.page-h...', Array)
#1 /var/www/sage.blog/public_html/wp-content/themes/sage.blog/vendor/illuminate/view/Factory.php(128): Illuminate\View\FileViewFinder->find('partials.page-h...')
#2 /var/www/sage.blog/public_html/wp-content/uploads/cache/0ecdf551693bc66478e8ec26e04c8a0d8f6c29c4.php(2): Illuminate\View\Factory->make('partials.page-h...', Array)
#3 /var/www/sage.blog/public_html/wp-content/themes/sage.blog/vendor/illuminate/view/Engines/PhpEngine.php(43): include('/var/www/sage.b...')
#4 /var/www/sage.blog/public_html/wp-content/themes/sage.blog/vendor/illuminate/view/Engines/CompilerEngine.php(59): Illuminate\View\Engines\PhpEngine->evaluatePath('/var/www/s

2018-10-04T08:49:44+00:00 CRITICAL Uncaught InvalidArgumentException: View [partials.page-header] not found. in /var/www/sage.blog/public_html/wp-content/themes/sage.blog/vendor/illuminate/view/FileViewFinder.php:137
Stack trace:
#0 /var/www/sage.blog/public_html/wp-content/themes/sage.blog/vendor/illuminate/view/FileViewFinder.php(79): Illuminate\View\FileViewFinder->findInPaths('partials.page-h...', Array)
#1 /var/www/sage.blog/public_html/wp-content/themes/sage.blog/vendor/illuminate/view/Factory.php(128): Illuminate\View\FileViewFinder->find('partials.page-h...')
#2 /var/www/sage.blog/public_html/wp-content/uploads/cache/0ecdf551693bc66478e8ec26e04c8a0d8f6c29c4.php(2): Illuminate\View\Factory->make('partials.page-h...', Array)
#3 /var/www/sage.blog/public_html/wp-content/themes/sage.blog/vendor/illuminate/view/Engines/PhpEngine.php(43): include('/var/www/sage.b...')
#4 /var/www/sage.blog/public_html/wp-content/themes/sage.blog/vendor/illuminate/view/Engines/CompilerEngine.php(59): Illuminate\View\Engines\PhpEngine->evaluatePath('/var/www/s

2018-10-04T08:49:44+00:00 CRITICAL Uncaught InvalidArgumentException: View [partials.page-header] not found. in /var/www/sage.blog/public_html/wp-content/themes/sage.blog/vendor/illuminate/view/FileViewFinder.php:137
Stack trace:
#0 /var/www/sage.blog/public_html/wp-content/themes/sage.blog/vendor/illuminate/view/FileViewFinder.php(79): Illuminate\View\FileViewFinder->findInPaths('partials.page-h...', Array)
#1 /var/www/sage.blog/public_html/wp-content/themes/sage.blog/vendor/illuminate/view/Factory.php(128): Illuminate\View\FileViewFinder->find('partials.page-h...')
#2 /var/www/sage.blog/public_html/wp-content/uploads/cache/0ecdf551693bc66478e8ec26e04c8a0d8f6c29c4.php(2): Illuminate\View\Factory->make('partials.page-h...', Array)
#3 /var/www/sage.blog/public_html/wp-content/themes/sage.blog/vendor/illuminate/view/Engines/PhpEngine.php(43): include('/var/www/sage.b...')
#4 /var/www/sage.blog/public_html/wp-content/themes/sage.blog/vendor/illuminate/view/Engines/CompilerEngine.php(59): Illuminate\View\Engines\PhpEngine->evaluatePath('/var/www/s

2018-10-04T08:49:44+00:00 CRITICAL Uncaught InvalidArgumentException: View [partials.page-header] not found. in /var/www/sage.blog/public_html/wp-content/themes/sage.blog/vendor/illuminate/view/FileViewFinder.php:137
Stack trace:
#0 /var/www/sage.blog/public_html/wp-content/themes/sage.blog/vendor/illuminate/view/FileViewFinder.php(79): Illuminate\View\FileViewFinder->findInPaths('partials.page-h...', Array)
#1 /var/www/sage.blog/public_html/wp-content/themes/sage.blog/vendor/illuminate/view/Factory.php(128): Illuminate\View\FileViewFinder->find('partials.page-h...')
#2 /var/www/sage.blog/public_html/wp-content/uploads/cache/0ecdf551693bc66478e8ec26e04c8a0d8f6c29c4.php(2): Illuminate\View\Factory->make('partials.page-h...', Array)
#3 /var/www/sage.blog/public_html/wp-content/themes/sage.blog/vendor/illuminate/view/Engines/PhpEngine.php(43): include('/var/www/sage.b...')
#4 /var/www/sage.blog/public_html/wp-content/themes/sage.blog/vendor/illuminate/view/Engines/CompilerEngine.php(59): Illuminate\View\Engines\PhpEngine->evaluatePath('/var/www/s

2018-10-04T08:49:44+00:00 CRITICAL Uncaught InvalidArgumentException: View [partials.page-header] not found. in /var/www/sage.blog/public_html/wp-content/themes/sage.blog/vendor/illuminate/view/FileViewFinder.php:137
Stack trace:
#0 /var/www/sage.blog/public_html/wp-content/themes/sage.blog/vendor/illuminate/view/FileViewFinder.php(79): Illuminate\View\FileViewFinder->findInPaths('partials.page-h...', Array)
#1 /var/www/sage.blog/public_html/wp-content/themes/sage.blog/vendor/illuminate/view/Factory.php(128): Illuminate\View\FileViewFinder->find('partials.page-h...')
#2 /var/www/sage.blog/public_html/wp-content/uploads/cache/0ecdf551693bc66478e8ec26e04c8a0d8f6c29c4.php(2): Illuminate\View\Factory->make('partials.page-h...', Array)
#3 /var/www/sage.blog/public_html/wp-content/themes/sage.blog/vendor/illuminate/view/Engines/PhpEngine.php(43): include('/var/www/sage.b...')
#4 /var/www/sage.blog/public_html/wp-content/themes/sage.blog/vendor/illuminate/view/Engines/CompilerEngine.php(59): Illuminate\View\Engines\PhpEngine->evaluatePath('/var/www/s

2018-10-04T08:49:44+00:00 CRITICAL Uncaught InvalidArgumentException: View [partials.page-header] not found. in /var/www/sage.blog/public_html/wp-content/themes/sage.blog/vendor/illuminate/view/FileViewFinder.php:137
Stack trace:
#0 /var/www/sage.blog/public_html/wp-content/themes/sage.blog/vendor/illuminate/view/FileViewFinder.php(79): Illuminate\View\FileViewFinder->findInPaths('partials.page-h...', Array)
#1 /var/www/sage.blog/public_html/wp-content/themes/sage.blog/vendor/illuminate/view/Factory.php(128): Illuminate\View\FileViewFinder->find('partials.page-h...')
#2 /var/www/sage.blog/public_html/wp-content/uploads/cache/0ecdf551693bc66478e8ec26e04c8a0d8f6c29c4.php(2): Illuminate\View\Factory->make('partials.page-h...', Array)
#3 /var/www/sage.blog/public_html/wp-content/themes/sage.blog/vendor/illuminate/view/Engines/PhpEngine.php(43): include('/var/www/sage.b...')
#4 /var/www/sage.blog/public_html/wp-content/themes/sage.blog/vendor/illuminate/view/Engines/CompilerEngine.php(59): Illuminate\View\Engines\PhpEngine->evaluatePath('/var/www/s

2018-10-04T09:03:33+00:00 CRITICAL Uncaught InvalidArgumentException: View [partials.page-header] not found. in /var/www/sage.blog/public_html/wp-content/themes/sage.blog/vendor/illuminate/view/FileViewFinder.php:137
Stack trace:
#0 /var/www/sage.blog/public_html/wp-content/themes/sage.blog/vendor/illuminate/view/FileViewFinder.php(79): Illuminate\View\FileViewFinder->findInPaths('partials.page-h...', Array)
#1 /var/www/sage.blog/public_html/wp-content/themes/sage.blog/vendor/illuminate/view/Factory.php(128): Illuminate\View\FileViewFinder->find('partials.page-h...')
#2 /var/www/sage.blog/public_html/wp-content/uploads/cache/0ecdf551693bc66478e8ec26e04c8a0d8f6c29c4.php(2): Illuminate\View\Factory->make('partials.page-h...', Array)
#3 /var/www/sage.blog/public_html/wp-content/themes/sage.blog/vendor/illuminate/view/Engines/PhpEngine.php(43): include('/var/www/sage.b...')
#4 /var/www/sage.blog/public_html/wp-content/themes/sage.blog/vendor/illuminate/view/Engines/CompilerEngine.php(59): Illuminate\View\Engines\PhpEngine->evaluatePath('/var/www/s

2018-10-04T09:03:33+00:00 CRITICAL Uncaught InvalidArgumentException: View [partials.page-header] not found. in /var/www/sage.blog/public_html/wp-content/themes/sage.blog/vendor/illuminate/view/FileViewFinder.php:137
Stack trace:
#0 /var/www/sage.blog/public_html/wp-content/themes/sage.blog/vendor/illuminate/view/FileViewFinder.php(79): Illuminate\View\FileViewFinder->findInPaths('partials.page-h...', Array)
#1 /var/www/sage.blog/public_html/wp-content/themes/sage.blog/vendor/illuminate/view/Factory.php(128): Illuminate\View\FileViewFinder->find('partials.page-h...')
#2 /var/www/sage.blog/public_html/wp-content/uploads/cache/0ecdf551693bc66478e8ec26e04c8a0d8f6c29c4.php(2): Illuminate\View\Factory->make('partials.page-h...', Array)
#3 /var/www/sage.blog/public_html/wp-content/themes/sage.blog/vendor/illuminate/view/Engines/PhpEngine.php(43): include('/var/www/sage.b...')
#4 /var/www/sage.blog/public_html/wp-content/themes/sage.blog/vendor/illuminate/view/Engines/CompilerEngine.php(59): Illuminate\View\Engines\PhpEngine->evaluatePath('/var/www/s

2018-10-04T09:25:27+00:00 CRITICAL Uncaught Symfony\Component\Debug\Exception\FatalThrowableError: Too few arguments to function woocommerce_header_add_to_cart_fragment(), 0 passed in /var/www/sage.blog/public_html/wp-content/uploads/cache/ae040fb091d56425ef6dba6d11d66a8a66e35b4f.php on line 54 and exactly 1 expected in /var/www/sage.blog/public_html/wp-content/themes/sage.blog/resources/functions.php:378
Stack trace:
#0 /var/www/sage.blog/public_html/wp-content/uploads/cache/ae040fb091d56425ef6dba6d11d66a8a66e35b4f.php(54): woocommerce_header_add_to_cart_fragment()
#1 /var/www/sage.blog/public_html/wp-content/themes/sage.blog/vendor/illuminate/view/Engines/PhpEngine.php(43): include('/var/www/sage.b...')
#2 /var/www/sage.blog/public_html/wp-content/themes/sage.blog/vendor/illuminate/view/Engines/CompilerEngine.php(59): Illuminate\View\Engines\PhpEngine->evaluatePath('/var/www/sage.b...', Array)
#3 /var/www/sage.blog/public_html/wp-content/themes/sage.blog/vendor/illuminate/view/View.php(142): Illuminate\View\Engines\CompilerEngine->get('/var/

2018-10-04T09:25:28+00:00 CRITICAL Uncaught Symfony\Component\Debug\Exception\FatalThrowableError: Too few arguments to function woocommerce_header_add_to_cart_fragment(), 0 passed in /var/www/sage.blog/public_html/wp-content/uploads/cache/ae040fb091d56425ef6dba6d11d66a8a66e35b4f.php on line 54 and exactly 1 expected in /var/www/sage.blog/public_html/wp-content/themes/sage.blog/resources/functions.php:378
Stack trace:
#0 /var/www/sage.blog/public_html/wp-content/uploads/cache/ae040fb091d56425ef6dba6d11d66a8a66e35b4f.php(54): woocommerce_header_add_to_cart_fragment()
#1 /var/www/sage.blog/public_html/wp-content/themes/sage.blog/vendor/illuminate/view/Engines/PhpEngine.php(43): include('/var/www/sage.b...')
#2 /var/www/sage.blog/public_html/wp-content/themes/sage.blog/vendor/illuminate/view/Engines/CompilerEngine.php(59): Illuminate\View\Engines\PhpEngine->evaluatePath('/var/www/sage.b...', Array)
#3 /var/www/sage.blog/public_html/wp-content/themes/sage.blog/vendor/illuminate/view/View.php(142): Illuminate\View\Engines\CompilerEngine->get('/var/

2018-10-04T09:29:38+00:00 CRITICAL Uncaught Symfony\Component\Debug\Exception\FatalThrowableError: Too few arguments to function woocommerce_header_add_to_cart_fragment(), 0 passed in /var/www/sage.blog/public_html/wp-content/uploads/cache/4ae9aaeed9470de65bba90e267e0566ef52c16f6.php on line 34 and exactly 1 expected in /var/www/sage.blog/public_html/wp-content/themes/sage.blog/resources/functions.php:378
Stack trace:
#0 /var/www/sage.blog/public_html/wp-content/uploads/cache/4ae9aaeed9470de65bba90e267e0566ef52c16f6.php(34): woocommerce_header_add_to_cart_fragment()
#1 /var/www/sage.blog/public_html/wp-content/themes/sage.blog/vendor/illuminate/view/Engines/PhpEngine.php(43): include('/var/www/sage.b...')
#2 /var/www/sage.blog/public_html/wp-content/themes/sage.blog/vendor/illuminate/view/Engines/CompilerEngine.php(59): Illuminate\View\Engines\PhpEngine->evaluatePath('/var/www/sage.b...', Array)
#3 /var/www/sage.blog/public_html/wp-content/themes/sage.blog/vendor/illuminate/view/View.php(142): Illuminate\View\Engines\CompilerEngine->get('/var/

2018-10-04T09:29:39+00:00 CRITICAL Uncaught Symfony\Component\Debug\Exception\FatalThrowableError: Too few arguments to function woocommerce_header_add_to_cart_fragment(), 0 passed in /var/www/sage.blog/public_html/wp-content/uploads/cache/4ae9aaeed9470de65bba90e267e0566ef52c16f6.php on line 34 and exactly 1 expected in /var/www/sage.blog/public_html/wp-content/themes/sage.blog/resources/functions.php:378
Stack trace:
#0 /var/www/sage.blog/public_html/wp-content/uploads/cache/4ae9aaeed9470de65bba90e267e0566ef52c16f6.php(34): woocommerce_header_add_to_cart_fragment()
#1 /var/www/sage.blog/public_html/wp-content/themes/sage.blog/vendor/illuminate/view/Engines/PhpEngine.php(43): include('/var/www/sage.b...')
#2 /var/www/sage.blog/public_html/wp-content/themes/sage.blog/vendor/illuminate/view/Engines/CompilerEngine.php(59): Illuminate\View\Engines\PhpEngine->evaluatePath('/var/www/sage.b...', Array)
#3 /var/www/sage.blog/public_html/wp-content/themes/sage.blog/vendor/illuminate/view/View.php(142): Illuminate\View\Engines\CompilerEngine->get('/var/

2018-10-04T09:29:40+00:00 CRITICAL Uncaught Symfony\Component\Debug\Exception\FatalThrowableError: Too few arguments to function woocommerce_header_add_to_cart_fragment(), 0 passed in /var/www/sage.blog/public_html/wp-content/uploads/cache/4ae9aaeed9470de65bba90e267e0566ef52c16f6.php on line 34 and exactly 1 expected in /var/www/sage.blog/public_html/wp-content/themes/sage.blog/resources/functions.php:378
Stack trace:
#0 /var/www/sage.blog/public_html/wp-content/uploads/cache/4ae9aaeed9470de65bba90e267e0566ef52c16f6.php(34): woocommerce_header_add_to_cart_fragment()
#1 /var/www/sage.blog/public_html/wp-content/themes/sage.blog/vendor/illuminate/view/Engines/PhpEngine.php(43): include('/var/www/sage.b...')
#2 /var/www/sage.blog/public_html/wp-content/themes/sage.blog/vendor/illuminate/view/Engines/CompilerEngine.php(59): Illuminate\View\Engines\PhpEngine->evaluatePath('/var/www/sage.b...', Array)
#3 /var/www/sage.blog/public_html/wp-content/themes/sage.blog/vendor/illuminate/view/View.php(142): Illuminate\View\Engines\CompilerEngine->get('/var/

2018-10-04T09:30:14+00:00 CRITICAL Uncaught Symfony\Component\Debug\Exception\FatalThrowableError: syntax error, unexpected ';', expecting ',' or ')' in /var/www/sage.blog/public_html/wp-content/uploads/cache/4ae9aaeed9470de65bba90e267e0566ef52c16f6.php:34
Stack trace:
#0 /var/www/sage.blog/public_html/wp-content/themes/sage.blog/vendor/illuminate/view/Engines/CompilerEngine.php(59): Illuminate\View\Engines\PhpEngine->evaluatePath('/var/www/sage.b...', Array)
#1 /var/www/sage.blog/public_html/wp-content/themes/sage.blog/vendor/illuminate/view/View.php(142): Illuminate\View\Engines\CompilerEngine->get('/var/www/sage.b...', Array)
#2 /var/www/sage.blog/public_html/wp-content/themes/sage.blog/vendor/illuminate/view/View.php(125): Illuminate\View\View->getContents()
#3 /var/www/sage.blog/public_html/wp-content/themes/sage.blog/vendor/illuminate/view/View.php(90): Illuminate\View\View->renderContents()
#4 /var/www/sage.blog/public_html/wp-content/uploads/cache/f7a8f11d1a5f6b489c04925704f5a299bdba4a54.php(2): Illuminate\View\View->render()
#5 /var/w

2018-10-04T09:30:15+00:00 CRITICAL Uncaught Symfony\Component\Debug\Exception\FatalThrowableError: syntax error, unexpected ';', expecting ',' or ')' in /var/www/sage.blog/public_html/wp-content/uploads/cache/4ae9aaeed9470de65bba90e267e0566ef52c16f6.php:34
Stack trace:
#0 /var/www/sage.blog/public_html/wp-content/themes/sage.blog/vendor/illuminate/view/Engines/CompilerEngine.php(59): Illuminate\View\Engines\PhpEngine->evaluatePath('/var/www/sage.b...', Array)
#1 /var/www/sage.blog/public_html/wp-content/themes/sage.blog/vendor/illuminate/view/View.php(142): Illuminate\View\Engines\CompilerEngine->get('/var/www/sage.b...', Array)
#2 /var/www/sage.blog/public_html/wp-content/themes/sage.blog/vendor/illuminate/view/View.php(125): Illuminate\View\View->getContents()
#3 /var/www/sage.blog/public_html/wp-content/themes/sage.blog/vendor/illuminate/view/View.php(90): Illuminate\View\View->renderContents()
#4 /var/www/sage.blog/public_html/wp-content/uploads/cache/f7a8f11d1a5f6b489c04925704f5a299bdba4a54.php(2): Illuminate\View\View->render()
#5 /var/w

2018-10-04T09:30:20+00:00 CRITICAL Uncaught Symfony\Component\Debug\Exception\FatalThrowableError: Too few arguments to function woocommerce_header_add_to_cart_fragment(), 0 passed in /var/www/sage.blog/public_html/wp-content/uploads/cache/4ae9aaeed9470de65bba90e267e0566ef52c16f6.php on line 34 and exactly 1 expected in /var/www/sage.blog/public_html/wp-content/themes/sage.blog/resources/functions.php:378
Stack trace:
#0 /var/www/sage.blog/public_html/wp-content/uploads/cache/4ae9aaeed9470de65bba90e267e0566ef52c16f6.php(34): woocommerce_header_add_to_cart_fragment()
#1 /var/www/sage.blog/public_html/wp-content/themes/sage.blog/vendor/illuminate/view/Engines/PhpEngine.php(43): include('/var/www/sage.b...')
#2 /var/www/sage.blog/public_html/wp-content/themes/sage.blog/vendor/illuminate/view/Engines/CompilerEngine.php(59): Illuminate\View\Engines\PhpEngine->evaluatePath('/var/www/sage.b...', Array)
#3 /var/www/sage.blog/public_html/wp-content/themes/sage.blog/vendor/illuminate/view/View.php(142): Illuminate\View\Engines\CompilerEngine->get('/var/

2018-10-04T09:30:21+00:00 CRITICAL Uncaught Symfony\Component\Debug\Exception\FatalThrowableError: Too few arguments to function woocommerce_header_add_to_cart_fragment(), 0 passed in /var/www/sage.blog/public_html/wp-content/uploads/cache/4ae9aaeed9470de65bba90e267e0566ef52c16f6.php on line 34 and exactly 1 expected in /var/www/sage.blog/public_html/wp-content/themes/sage.blog/resources/functions.php:378
Stack trace:
#0 /var/www/sage.blog/public_html/wp-content/uploads/cache/4ae9aaeed9470de65bba90e267e0566ef52c16f6.php(34): woocommerce_header_add_to_cart_fragment()
#1 /var/www/sage.blog/public_html/wp-content/themes/sage.blog/vendor/illuminate/view/Engines/PhpEngine.php(43): include('/var/www/sage.b...')
#2 /var/www/sage.blog/public_html/wp-content/themes/sage.blog/vendor/illuminate/view/Engines/CompilerEngine.php(59): Illuminate\View\Engines\PhpEngine->evaluatePath('/var/www/sage.b...', Array)
#3 /var/www/sage.blog/public_html/wp-content/themes/sage.blog/vendor/illuminate/view/View.php(142): Illuminate\View\Engines\CompilerEngine->get('/var/

2018-10-04T10:05:29+00:00 CRITICAL Uncaught Symfony\Component\Debug\Exception\FatalThrowableError: Call to undefined function cart_link() in /var/www/sage.blog/public_html/wp-content/uploads/cache/ae040fb091d56425ef6dba6d11d66a8a66e35b4f.php:54
Stack trace:
#0 /var/www/sage.blog/public_html/wp-content/themes/sage.blog/vendor/illuminate/view/Engines/PhpEngine.php(43): include()
#1 /var/www/sage.blog/public_html/wp-content/themes/sage.blog/vendor/illuminate/view/Engines/CompilerEngine.php(59): Illuminate\View\Engines\PhpEngine->evaluatePath('/var/www/sage.b...', Array)
#2 /var/www/sage.blog/public_html/wp-content/themes/sage.blog/vendor/illuminate/view/View.php(142): Illuminate\View\Engines\CompilerEngine->get('/var/www/sage.b...', Array)
#3 /var/www/sage.blog/public_html/wp-content/themes/sage.blog/vendor/illuminate/view/View.php(125): Illuminate\View\View->getContents()
#4 /var/www/sage.blog/public_html/wp-content/themes/sage.blog/vendor/illuminate/view/View.php(90): Illuminate\View\View->renderContents()
#5 /var/www/sage.blog/public_html/wp-c

2018-10-04T10:06:05+00:00 CRITICAL Uncaught Symfony\Component\Debug\Exception\FatalThrowableError: Too few arguments to function woocommerce_header_add_to_cart_fragment(), 0 passed in /var/www/sage.blog/public_html/wp-content/uploads/cache/4ae9aaeed9470de65bba90e267e0566ef52c16f6.php on line 34 and exactly 1 expected in /var/www/sage.blog/public_html/wp-content/themes/sage.blog/resources/functions.php:378
Stack trace:
#0 /var/www/sage.blog/public_html/wp-content/uploads/cache/4ae9aaeed9470de65bba90e267e0566ef52c16f6.php(34): woocommerce_header_add_to_cart_fragment()
#1 /var/www/sage.blog/public_html/wp-content/themes/sage.blog/vendor/illuminate/view/Engines/PhpEngine.php(43): include('/var/www/sage.b...')
#2 /var/www/sage.blog/public_html/wp-content/themes/sage.blog/vendor/illuminate/view/Engines/CompilerEngine.php(59): Illuminate\View\Engines\PhpEngine->evaluatePath('/var/www/sage.b...', Array)
#3 /var/www/sage.blog/public_html/wp-content/themes/sage.blog/vendor/illuminate/view/View.php(142): Illuminate\View\Engines\CompilerEngine->get('/var/

2018-10-04T10:06:13+00:00 CRITICAL Uncaught Symfony\Component\Debug\Exception\FatalThrowableError: Too few arguments to function woocommerce_header_add_to_cart_fragment(), 0 passed in /var/www/sage.blog/public_html/wp-content/uploads/cache/4ae9aaeed9470de65bba90e267e0566ef52c16f6.php on line 34 and exactly 1 expected in /var/www/sage.blog/public_html/wp-content/themes/sage.blog/resources/functions.php:378
Stack trace:
#0 /var/www/sage.blog/public_html/wp-content/uploads/cache/4ae9aaeed9470de65bba90e267e0566ef52c16f6.php(34): woocommerce_header_add_to_cart_fragment()
#1 /var/www/sage.blog/public_html/wp-content/themes/sage.blog/vendor/illuminate/view/Engines/PhpEngine.php(43): include('/var/www/sage.b...')
#2 /var/www/sage.blog/public_html/wp-content/themes/sage.blog/vendor/illuminate/view/Engines/CompilerEngine.php(59): Illuminate\View\Engines\PhpEngine->evaluatePath('/var/www/sage.b...', Array)
#3 /var/www/sage.blog/public_html/wp-content/themes/sage.blog/vendor/illuminate/view/View.php(142): Illuminate\View\Engines\CompilerEngine->get('/var/

2018-10-04T10:06:14+00:00 CRITICAL Uncaught Symfony\Component\Debug\Exception\FatalThrowableError: Too few arguments to function woocommerce_header_add_to_cart_fragment(), 0 passed in /var/www/sage.blog/public_html/wp-content/uploads/cache/4ae9aaeed9470de65bba90e267e0566ef52c16f6.php on line 34 and exactly 1 expected in /var/www/sage.blog/public_html/wp-content/themes/sage.blog/resources/functions.php:378
Stack trace:
#0 /var/www/sage.blog/public_html/wp-content/uploads/cache/4ae9aaeed9470de65bba90e267e0566ef52c16f6.php(34): woocommerce_header_add_to_cart_fragment()
#1 /var/www/sage.blog/public_html/wp-content/themes/sage.blog/vendor/illuminate/view/Engines/PhpEngine.php(43): include('/var/www/sage.b...')
#2 /var/www/sage.blog/public_html/wp-content/themes/sage.blog/vendor/illuminate/view/Engines/CompilerEngine.php(59): Illuminate\View\Engines\PhpEngine->evaluatePath('/var/www/sage.b...', Array)
#3 /var/www/sage.blog/public_html/wp-content/themes/sage.blog/vendor/illuminate/view/View.php(142): Illuminate\View\Engines\CompilerEngine->get('/var/

2018-10-04T10:06:22+00:00 CRITICAL Uncaught Symfony\Component\Debug\Exception\FatalThrowableError: syntax error, unexpected ';' in /var/www/sage.blog/public_html/wp-content/uploads/cache/4ae9aaeed9470de65bba90e267e0566ef52c16f6.php:34
Stack trace:
#0 /var/www/sage.blog/public_html/wp-content/themes/sage.blog/vendor/illuminate/view/Engines/CompilerEngine.php(59): Illuminate\View\Engines\PhpEngine->evaluatePath('/var/www/sage.b...', Array)
#1 /var/www/sage.blog/public_html/wp-content/themes/sage.blog/vendor/illuminate/view/View.php(142): Illuminate\View\Engines\CompilerEngine->get('/var/www/sage.b...', Array)
#2 /var/www/sage.blog/public_html/wp-content/themes/sage.blog/vendor/illuminate/view/View.php(125): Illuminate\View\View->getContents()
#3 /var/www/sage.blog/public_html/wp-content/themes/sage.blog/vendor/illuminate/view/View.php(90): Illuminate\View\View->renderContents()
#4 /var/www/sage.blog/public_html/wp-content/uploads/cache/f7a8f11d1a5f6b489c04925704f5a299bdba4a54.php(2): Illuminate\View\View->render()
#5 /var/www/sage.blog/public_ht

2018-10-04T10:06:23+00:00 CRITICAL Uncaught Symfony\Component\Debug\Exception\FatalThrowableError: syntax error, unexpected ';' in /var/www/sage.blog/public_html/wp-content/uploads/cache/4ae9aaeed9470de65bba90e267e0566ef52c16f6.php:34
Stack trace:
#0 /var/www/sage.blog/public_html/wp-content/themes/sage.blog/vendor/illuminate/view/Engines/CompilerEngine.php(59): Illuminate\View\Engines\PhpEngine->evaluatePath('/var/www/sage.b...', Array)
#1 /var/www/sage.blog/public_html/wp-content/themes/sage.blog/vendor/illuminate/view/View.php(142): Illuminate\View\Engines\CompilerEngine->get('/var/www/sage.b...', Array)
#2 /var/www/sage.blog/public_html/wp-content/themes/sage.blog/vendor/illuminate/view/View.php(125): Illuminate\View\View->getContents()
#3 /var/www/sage.blog/public_html/wp-content/themes/sage.blog/vendor/illuminate/view/View.php(90): Illuminate\View\View->renderContents()
#4 /var/www/sage.blog/public_html/wp-content/uploads/cache/f7a8f11d1a5f6b489c04925704f5a299bdba4a54.php(2): Illuminate\View\View->render()
#5 /var/www/sage.blog/public_ht

2018-10-04T12:09:03+00:00 CRITICAL Uncaught Symfony\Component\Debug\Exception\FatalThrowableError: Too few arguments to function custom_product_link(), 0 passed in /var/www/sage.blog/public_html/wp-content/uploads/cache/4ae9aaeed9470de65bba90e267e0566ef52c16f6.php on line 39 and exactly 1 expected in /var/www/sage.blog/public_html/wp-content/themes/sage.blog/resources/functions.php:412
Stack trace:
#0 /var/www/sage.blog/public_html/wp-content/uploads/cache/4ae9aaeed9470de65bba90e267e0566ef52c16f6.php(39): custom_product_link()
#1 /var/www/sage.blog/public_html/wp-content/themes/sage.blog/vendor/illuminate/view/Engines/PhpEngine.php(43): include('/var/www/sage.b...')
#2 /var/www/sage.blog/public_html/wp-content/themes/sage.blog/vendor/illuminate/view/Engines/CompilerEngine.php(59): Illuminate\View\Engines\PhpEngine->evaluatePath('/var/www/sage.b...', Array)
#3 /var/www/sage.blog/public_html/wp-content/themes/sage.blog/vendor/illuminate/view/View.php(142): Illuminate\View\Engines\CompilerEngine->get('/var/www/sage.b...', Array)
#4 /var/www/sage.

2018-10-04T12:10:40+00:00 CRITICAL Uncaught Symfony\Component\Debug\Exception\FatalThrowableError: Call to a member function add_to_cart_url() on null in /var/www/sage.blog/public_html/wp-content/uploads/cache/4ae9aaeed9470de65bba90e267e0566ef52c16f6.php:39
Stack trace:
#0 /var/www/sage.blog/public_html/wp-content/themes/sage.blog/vendor/illuminate/view/Engines/PhpEngine.php(43): include()
#1 /var/www/sage.blog/public_html/wp-content/themes/sage.blog/vendor/illuminate/view/Engines/CompilerEngine.php(59): Illuminate\View\Engines\PhpEngine->evaluatePath('/var/www/sage.b...', Array)
#2 /var/www/sage.blog/public_html/wp-content/themes/sage.blog/vendor/illuminate/view/View.php(142): Illuminate\View\Engines\CompilerEngine->get('/var/www/sage.b...', Array)
#3 /var/www/sage.blog/public_html/wp-content/themes/sage.blog/vendor/illuminate/view/View.php(125): Illuminate\View\View->getContents()
#4 /var/www/sage.blog/public_html/wp-content/themes/sage.blog/vendor/illuminate/view/View.php(90): Illuminate\View\View->renderContents()
#5 /var/www/sage.blog/pub

2018-10-04T12:10:41+00:00 CRITICAL Uncaught Symfony\Component\Debug\Exception\FatalThrowableError: Call to a member function add_to_cart_url() on null in /var/www/sage.blog/public_html/wp-content/uploads/cache/4ae9aaeed9470de65bba90e267e0566ef52c16f6.php:39
Stack trace:
#0 /var/www/sage.blog/public_html/wp-content/themes/sage.blog/vendor/illuminate/view/Engines/PhpEngine.php(43): include()
#1 /var/www/sage.blog/public_html/wp-content/themes/sage.blog/vendor/illuminate/view/Engines/CompilerEngine.php(59): Illuminate\View\Engines\PhpEngine->evaluatePath('/var/www/sage.b...', Array)
#2 /var/www/sage.blog/public_html/wp-content/themes/sage.blog/vendor/illuminate/view/View.php(142): Illuminate\View\Engines\CompilerEngine->get('/var/www/sage.b...', Array)
#3 /var/www/sage.blog/public_html/wp-content/themes/sage.blog/vendor/illuminate/view/View.php(125): Illuminate\View\View->getContents()
#4 /var/www/sage.blog/public_html/wp-content/themes/sage.blog/vendor/illuminate/view/View.php(90): Illuminate\View\View->renderContents()
#5 /var/www/sage.blog/pub

2018-10-04T12:20:47+00:00 CRITICAL Uncaught Symfony\Component\Debug\Exception\FatalThrowableError: Call to a member function get_cart() on null in /var/www/sage.blog/public_html/wp-content/uploads/cache/4ae9aaeed9470de65bba90e267e0566ef52c16f6.php:39
Stack trace:
#0 /var/www/sage.blog/public_html/wp-content/themes/sage.blog/vendor/illuminate/view/Engines/PhpEngine.php(43): include()
#1 /var/www/sage.blog/public_html/wp-content/themes/sage.blog/vendor/illuminate/view/Engines/CompilerEngine.php(59): Illuminate\View\Engines\PhpEngine->evaluatePath('/var/www/sage.b...', Array)
#2 /var/www/sage.blog/public_html/wp-content/themes/sage.blog/vendor/illuminate/view/View.php(142): Illuminate\View\Engines\CompilerEngine->get('/var/www/sage.b...', Array)
#3 /var/www/sage.blog/public_html/wp-content/themes/sage.blog/vendor/illuminate/view/View.php(125): Illuminate\View\View->getContents()
#4 /var/www/sage.blog/public_html/wp-content/themes/sage.blog/vendor/illuminate/view/View.php(90): Illuminate\View\View->renderContents()
#5 /var/www/sage.blog/public_htm

2018-10-04T12:27:58+00:00 CRITICAL Uncaught Symfony\Component\Debug\Exception\FatalThrowableError: Call to a member function get_cart() on null in /var/www/sage.blog/public_html/wp-content/uploads/cache/4ae9aaeed9470de65bba90e267e0566ef52c16f6.php:39
Stack trace:
#0 /var/www/sage.blog/public_html/wp-content/themes/sage.blog/vendor/illuminate/view/Engines/PhpEngine.php(43): include()
#1 /var/www/sage.blog/public_html/wp-content/themes/sage.blog/vendor/illuminate/view/Engines/CompilerEngine.php(59): Illuminate\View\Engines\PhpEngine->evaluatePath('/var/www/sage.b...', Array)
#2 /var/www/sage.blog/public_html/wp-content/themes/sage.blog/vendor/illuminate/view/View.php(142): Illuminate\View\Engines\CompilerEngine->get('/var/www/sage.b...', Array)
#3 /var/www/sage.blog/public_html/wp-content/themes/sage.blog/vendor/illuminate/view/View.php(125): Illuminate\View\View->getContents()
#4 /var/www/sage.blog/public_html/wp-content/themes/sage.blog/vendor/illuminate/view/View.php(90): Illuminate\View\View->renderContents()
#5 /var/www/sage.blog/public_htm

2018-10-04T12:28:00+00:00 CRITICAL Uncaught Symfony\Component\Debug\Exception\FatalThrowableError: Call to a member function get_cart() on null in /var/www/sage.blog/public_html/wp-content/uploads/cache/4ae9aaeed9470de65bba90e267e0566ef52c16f6.php:39
Stack trace:
#0 /var/www/sage.blog/public_html/wp-content/themes/sage.blog/vendor/illuminate/view/Engines/PhpEngine.php(43): include()
#1 /var/www/sage.blog/public_html/wp-content/themes/sage.blog/vendor/illuminate/view/Engines/CompilerEngine.php(59): Illuminate\View\Engines\PhpEngine->evaluatePath('/var/www/sage.b...', Array)
#2 /var/www/sage.blog/public_html/wp-content/themes/sage.blog/vendor/illuminate/view/View.php(142): Illuminate\View\Engines\CompilerEngine->get('/var/www/sage.b...', Array)
#3 /var/www/sage.blog/public_html/wp-content/themes/sage.blog/vendor/illuminate/view/View.php(125): Illuminate\View\View->getContents()
#4 /var/www/sage.blog/public_html/wp-content/themes/sage.blog/vendor/illuminate/view/View.php(90): Illuminate\View\View->renderContents()
#5 /var/www/sage.blog/public_htm

2018-10-04T12:28:05+00:00 CRITICAL Uncaught Symfony\Component\Debug\Exception\FatalThrowableError: Too few arguments to function add_shortcode(), 1 passed in /var/www/sage.blog/public_html/wp-content/uploads/cache/4ae9aaeed9470de65bba90e267e0566ef52c16f6.php on line 46 and exactly 2 expected in /var/www/sage.blog/public_html/wp-includes/shortcodes.php:63
Stack trace:
#0 /var/www/sage.blog/public_html/wp-content/uploads/cache/4ae9aaeed9470de65bba90e267e0566ef52c16f6.php(46): add_shortcode('[recent_product...')
#1 /var/www/sage.blog/public_html/wp-content/themes/sage.blog/vendor/illuminate/view/Engines/PhpEngine.php(43): include('/var/www/sage.b...')
#2 /var/www/sage.blog/public_html/wp-content/themes/sage.blog/vendor/illuminate/view/Engines/CompilerEngine.php(59): Illuminate\View\Engines\PhpEngine->evaluatePath('/var/www/sage.b...', Array)
#3 /var/www/sage.blog/public_html/wp-content/themes/sage.blog/vendor/illuminate/view/View.php(142): Illuminate\View\Engines\CompilerEngine->get('/var/www/sage.b...', Array)
#4 /var/www/sage.blog/public_html/w

2018-10-04T12:28:06+00:00 CRITICAL Uncaught Symfony\Component\Debug\Exception\FatalThrowableError: Too few arguments to function add_shortcode(), 1 passed in /var/www/sage.blog/public_html/wp-content/uploads/cache/4ae9aaeed9470de65bba90e267e0566ef52c16f6.php on line 46 and exactly 2 expected in /var/www/sage.blog/public_html/wp-includes/shortcodes.php:63
Stack trace:
#0 /var/www/sage.blog/public_html/wp-content/uploads/cache/4ae9aaeed9470de65bba90e267e0566ef52c16f6.php(46): add_shortcode('[recent_product...')
#1 /var/www/sage.blog/public_html/wp-content/themes/sage.blog/vendor/illuminate/view/Engines/PhpEngine.php(43): include('/var/www/sage.b...')
#2 /var/www/sage.blog/public_html/wp-content/themes/sage.blog/vendor/illuminate/view/Engines/CompilerEngine.php(59): Illuminate\View\Engines\PhpEngine->evaluatePath('/var/www/sage.b...', Array)
#3 /var/www/sage.blog/public_html/wp-content/themes/sage.blog/vendor/illuminate/view/View.php(142): Illuminate\View\Engines\CompilerEngine->get('/var/www/sage.b...', Array)
#4 /var/www/sage.blog/public_html/w

2018-10-04T12:28:28+00:00 CRITICAL Uncaught Symfony\Component\Debug\Exception\FatalThrowableError: Too few arguments to function add_shortcode(), 1 passed in /var/www/sage.blog/public_html/wp-content/uploads/cache/4ae9aaeed9470de65bba90e267e0566ef52c16f6.php on line 46 and exactly 2 expected in /var/www/sage.blog/public_html/wp-includes/shortcodes.php:63
Stack trace:
#0 /var/www/sage.blog/public_html/wp-content/uploads/cache/4ae9aaeed9470de65bba90e267e0566ef52c16f6.php(46): add_shortcode('[recent_product...')
#1 /var/www/sage.blog/public_html/wp-content/themes/sage.blog/vendor/illuminate/view/Engines/PhpEngine.php(43): include('/var/www/sage.b...')
#2 /var/www/sage.blog/public_html/wp-content/themes/sage.blog/vendor/illuminate/view/Engines/CompilerEngine.php(59): Illuminate\View\Engines\PhpEngine->evaluatePath('/var/www/sage.b...', Array)
#3 /var/www/sage.blog/public_html/wp-content/themes/sage.blog/vendor/illuminate/view/View.php(142): Illuminate\View\Engines\CompilerEngine->get('/var/www/sage.b...', Array)
#4 /var/www/sage.blog/public_html/w

2018-10-04T12:28:29+00:00 CRITICAL Uncaught Symfony\Component\Debug\Exception\FatalThrowableError: Too few arguments to function add_shortcode(), 1 passed in /var/www/sage.blog/public_html/wp-content/uploads/cache/4ae9aaeed9470de65bba90e267e0566ef52c16f6.php on line 46 and exactly 2 expected in /var/www/sage.blog/public_html/wp-includes/shortcodes.php:63
Stack trace:
#0 /var/www/sage.blog/public_html/wp-content/uploads/cache/4ae9aaeed9470de65bba90e267e0566ef52c16f6.php(46): add_shortcode('[recent_product...')
#1 /var/www/sage.blog/public_html/wp-content/themes/sage.blog/vendor/illuminate/view/Engines/PhpEngine.php(43): include('/var/www/sage.b...')
#2 /var/www/sage.blog/public_html/wp-content/themes/sage.blog/vendor/illuminate/view/Engines/CompilerEngine.php(59): Illuminate\View\Engines\PhpEngine->evaluatePath('/var/www/sage.b...', Array)
#3 /var/www/sage.blog/public_html/wp-content/themes/sage.blog/vendor/illuminate/view/View.php(142): Illuminate\View\Engines\CompilerEngine->get('/var/www/sage.b...', Array)
#4 /var/www/sage.blog/public_html/w

2018-10-04T12:33:17+00:00 CRITICAL Uncaught InvalidArgumentException: View [partials.page-header] not found. in /var/www/sage.blog/public_html/wp-content/themes/sage.blog/vendor/illuminate/view/FileViewFinder.php:137
Stack trace:
#0 /var/www/sage.blog/public_html/wp-content/themes/sage.blog/vendor/illuminate/view/FileViewFinder.php(79): Illuminate\View\FileViewFinder->findInPaths('partials.page-h...', Array)
#1 /var/www/sage.blog/public_html/wp-content/themes/sage.blog/vendor/illuminate/view/Factory.php(128): Illuminate\View\FileViewFinder->find('partials.page-h...')
#2 /var/www/sage.blog/public_html/wp-content/uploads/cache/0ecdf551693bc66478e8ec26e04c8a0d8f6c29c4.php(2): Illuminate\View\Factory->make('partials.page-h...', Array)
#3 /var/www/sage.blog/public_html/wp-content/themes/sage.blog/vendor/illuminate/view/Engines/PhpEngine.php(43): include('/var/www/sage.b...')
#4 /var/www/sage.blog/public_html/wp-content/themes/sage.blog/vendor/illuminate/view/Engines/CompilerEngine.php(59): Illuminate\View\Engines\PhpEngine->evaluatePath('/var/www/s

2018-10-04T12:33:18+00:00 CRITICAL Uncaught InvalidArgumentException: View [partials.page-header] not found. in /var/www/sage.blog/public_html/wp-content/themes/sage.blog/vendor/illuminate/view/FileViewFinder.php:137
Stack trace:
#0 /var/www/sage.blog/public_html/wp-content/themes/sage.blog/vendor/illuminate/view/FileViewFinder.php(79): Illuminate\View\FileViewFinder->findInPaths('partials.page-h...', Array)
#1 /var/www/sage.blog/public_html/wp-content/themes/sage.blog/vendor/illuminate/view/Factory.php(128): Illuminate\View\FileViewFinder->find('partials.page-h...')
#2 /var/www/sage.blog/public_html/wp-content/uploads/cache/0ecdf551693bc66478e8ec26e04c8a0d8f6c29c4.php(2): Illuminate\View\Factory->make('partials.page-h...', Array)
#3 /var/www/sage.blog/public_html/wp-content/themes/sage.blog/vendor/illuminate/view/Engines/PhpEngine.php(43): include('/var/www/sage.b...')
#4 /var/www/sage.blog/public_html/wp-content/themes/sage.blog/vendor/illuminate/view/Engines/CompilerEngine.php(59): Illuminate\View\Engines\PhpEngine->evaluatePath('/var/www/s

2018-10-04T12:33:18+00:00 CRITICAL Uncaught InvalidArgumentException: View [partials.page-header] not found. in /var/www/sage.blog/public_html/wp-content/themes/sage.blog/vendor/illuminate/view/FileViewFinder.php:137
Stack trace:
#0 /var/www/sage.blog/public_html/wp-content/themes/sage.blog/vendor/illuminate/view/FileViewFinder.php(79): Illuminate\View\FileViewFinder->findInPaths('partials.page-h...', Array)
#1 /var/www/sage.blog/public_html/wp-content/themes/sage.blog/vendor/illuminate/view/Factory.php(128): Illuminate\View\FileViewFinder->find('partials.page-h...')
#2 /var/www/sage.blog/public_html/wp-content/uploads/cache/0ecdf551693bc66478e8ec26e04c8a0d8f6c29c4.php(2): Illuminate\View\Factory->make('partials.page-h...', Array)
#3 /var/www/sage.blog/public_html/wp-content/themes/sage.blog/vendor/illuminate/view/Engines/PhpEngine.php(43): include('/var/www/sage.b...')
#4 /var/www/sage.blog/public_html/wp-content/themes/sage.blog/vendor/illuminate/view/Engines/CompilerEngine.php(59): Illuminate\View\Engines\PhpEngine->evaluatePath('/var/www/s

2018-10-04T12:33:18+00:00 CRITICAL Uncaught InvalidArgumentException: View [partials.page-header] not found. in /var/www/sage.blog/public_html/wp-content/themes/sage.blog/vendor/illuminate/view/FileViewFinder.php:137
Stack trace:
#0 /var/www/sage.blog/public_html/wp-content/themes/sage.blog/vendor/illuminate/view/FileViewFinder.php(79): Illuminate\View\FileViewFinder->findInPaths('partials.page-h...', Array)
#1 /var/www/sage.blog/public_html/wp-content/themes/sage.blog/vendor/illuminate/view/Factory.php(128): Illuminate\View\FileViewFinder->find('partials.page-h...')
#2 /var/www/sage.blog/public_html/wp-content/uploads/cache/0ecdf551693bc66478e8ec26e04c8a0d8f6c29c4.php(2): Illuminate\View\Factory->make('partials.page-h...', Array)
#3 /var/www/sage.blog/public_html/wp-content/themes/sage.blog/vendor/illuminate/view/Engines/PhpEngine.php(43): include('/var/www/sage.b...')
#4 /var/www/sage.blog/public_html/wp-content/themes/sage.blog/vendor/illuminate/view/Engines/CompilerEngine.php(59): Illuminate\View\Engines\PhpEngine->evaluatePath('/var/www/s

2018-10-04T12:33:18+00:00 CRITICAL Uncaught InvalidArgumentException: View [partials.page-header] not found. in /var/www/sage.blog/public_html/wp-content/themes/sage.blog/vendor/illuminate/view/FileViewFinder.php:137
Stack trace:
#0 /var/www/sage.blog/public_html/wp-content/themes/sage.blog/vendor/illuminate/view/FileViewFinder.php(79): Illuminate\View\FileViewFinder->findInPaths('partials.page-h...', Array)
#1 /var/www/sage.blog/public_html/wp-content/themes/sage.blog/vendor/illuminate/view/Factory.php(128): Illuminate\View\FileViewFinder->find('partials.page-h...')
#2 /var/www/sage.blog/public_html/wp-content/uploads/cache/0ecdf551693bc66478e8ec26e04c8a0d8f6c29c4.php(2): Illuminate\View\Factory->make('partials.page-h...', Array)
#3 /var/www/sage.blog/public_html/wp-content/themes/sage.blog/vendor/illuminate/view/Engines/PhpEngine.php(43): include('/var/www/sage.b...')
#4 /var/www/sage.blog/public_html/wp-content/themes/sage.blog/vendor/illuminate/view/Engines/CompilerEngine.php(59): Illuminate\View\Engines\PhpEngine->evaluatePath('/var/www/s

2018-10-04T12:33:18+00:00 CRITICAL Uncaught InvalidArgumentException: View [partials.page-header] not found. in /var/www/sage.blog/public_html/wp-content/themes/sage.blog/vendor/illuminate/view/FileViewFinder.php:137
Stack trace:
#0 /var/www/sage.blog/public_html/wp-content/themes/sage.blog/vendor/illuminate/view/FileViewFinder.php(79): Illuminate\View\FileViewFinder->findInPaths('partials.page-h...', Array)
#1 /var/www/sage.blog/public_html/wp-content/themes/sage.blog/vendor/illuminate/view/Factory.php(128): Illuminate\View\FileViewFinder->find('partials.page-h...')
#2 /var/www/sage.blog/public_html/wp-content/uploads/cache/0ecdf551693bc66478e8ec26e04c8a0d8f6c29c4.php(2): Illuminate\View\Factory->make('partials.page-h...', Array)
#3 /var/www/sage.blog/public_html/wp-content/themes/sage.blog/vendor/illuminate/view/Engines/PhpEngine.php(43): include('/var/www/sage.b...')
#4 /var/www/sage.blog/public_html/wp-content/themes/sage.blog/vendor/illuminate/view/Engines/CompilerEngine.php(59): Illuminate\View\Engines\PhpEngine->evaluatePath('/var/www/s

2018-10-04T12:33:18+00:00 CRITICAL Uncaught InvalidArgumentException: View [partials.page-header] not found. in /var/www/sage.blog/public_html/wp-content/themes/sage.blog/vendor/illuminate/view/FileViewFinder.php:137
Stack trace:
#0 /var/www/sage.blog/public_html/wp-content/themes/sage.blog/vendor/illuminate/view/FileViewFinder.php(79): Illuminate\View\FileViewFinder->findInPaths('partials.page-h...', Array)
#1 /var/www/sage.blog/public_html/wp-content/themes/sage.blog/vendor/illuminate/view/Factory.php(128): Illuminate\View\FileViewFinder->find('partials.page-h...')
#2 /var/www/sage.blog/public_html/wp-content/uploads/cache/0ecdf551693bc66478e8ec26e04c8a0d8f6c29c4.php(2): Illuminate\View\Factory->make('partials.page-h...', Array)
#3 /var/www/sage.blog/public_html/wp-content/themes/sage.blog/vendor/illuminate/view/Engines/PhpEngine.php(43): include('/var/www/sage.b...')
#4 /var/www/sage.blog/public_html/wp-content/themes/sage.blog/vendor/illuminate/view/Engines/CompilerEngine.php(59): Illuminate\View\Engines\PhpEngine->evaluatePath('/var/www/s

2018-10-04T12:33:18+00:00 CRITICAL Uncaught InvalidArgumentException: View [partials.page-header] not found. in /var/www/sage.blog/public_html/wp-content/themes/sage.blog/vendor/illuminate/view/FileViewFinder.php:137
Stack trace:
#0 /var/www/sage.blog/public_html/wp-content/themes/sage.blog/vendor/illuminate/view/FileViewFinder.php(79): Illuminate\View\FileViewFinder->findInPaths('partials.page-h...', Array)
#1 /var/www/sage.blog/public_html/wp-content/themes/sage.blog/vendor/illuminate/view/Factory.php(128): Illuminate\View\FileViewFinder->find('partials.page-h...')
#2 /var/www/sage.blog/public_html/wp-content/uploads/cache/0ecdf551693bc66478e8ec26e04c8a0d8f6c29c4.php(2): Illuminate\View\Factory->make('partials.page-h...', Array)
#3 /var/www/sage.blog/public_html/wp-content/themes/sage.blog/vendor/illuminate/view/Engines/PhpEngine.php(43): include('/var/www/sage.b...')
#4 /var/www/sage.blog/public_html/wp-content/themes/sage.blog/vendor/illuminate/view/Engines/CompilerEngine.php(59): Illuminate\View\Engines\PhpEngine->evaluatePath('/var/www/s

